                                 Started job on |	Oct 27 19:02:46
                             Started mapping on |	Oct 27 19:03:32
                                    Finished on |	Oct 27 19:03:45
       Mapping speed, Million of reads per hour |	511.69

                          Number of input reads |	1847765
                      Average input read length |	39
                                    UNIQUE READS:
                   Uniquely mapped reads number |	1391011
                        Uniquely mapped reads % |	75.28%
                          Average mapped length |	39.39
                       Number of splices: Total |	120707
            Number of splices: Annotated (sjdb) |	120151
                       Number of splices: GT/AG |	119651
                       Number of splices: GC/AG |	837
                       Number of splices: AT/AC |	93
               Number of splices: Non-canonical |	126
                      Mismatch rate per base, % |	0.17%
                         Deletion rate per base |	0.00%
                        Deletion average length |	1.38
                        Insertion rate per base |	0.00%
                       Insertion average length |	1.16
                             MULTI-MAPPING READS:
        Number of reads mapped to multiple loci |	427298
             % of reads mapped to multiple loci |	23.13%
        Number of reads mapped to too many loci |	21211
             % of reads mapped to too many loci |	1.15%
                                  UNMAPPED READS:
  Number of reads unmapped: too many mismatches |	0
       % of reads unmapped: too many mismatches |	0.00%
            Number of reads unmapped: too short |	2378
                 % of reads unmapped: too short |	0.13%
                Number of reads unmapped: other |	5867
                     % of reads unmapped: other |	0.32%
                                  CHIMERIC READS:
                       Number of chimeric reads |	0
                            % of chimeric reads |	0.00%
