                                 Started job on |	Oct 29 02:36:49
                             Started mapping on |	Oct 29 02:38:27
                                    Finished on |	Oct 29 02:38:47
       Mapping speed, Million of reads per hour |	448.25

                          Number of input reads |	2490260
                      Average input read length |	39
                                    UNIQUE READS:
                   Uniquely mapped reads number |	1878991
                        Uniquely mapped reads % |	75.45%
                          Average mapped length |	39.43
                       Number of splices: Total |	184444
            Number of splices: Annotated (sjdb) |	183574
                       Number of splices: GT/AG |	182652
                       Number of splices: GC/AG |	1404
                       Number of splices: AT/AC |	180
               Number of splices: Non-canonical |	208
                      Mismatch rate per base, % |	0.14%
                         Deletion rate per base |	0.00%
                        Deletion average length |	1.36
                        Insertion rate per base |	0.00%
                       Insertion average length |	1.15
                             MULTI-MAPPING READS:
        Number of reads mapped to multiple loci |	575071
             % of reads mapped to multiple loci |	23.09%
        Number of reads mapped to too many loci |	26228
             % of reads mapped to too many loci |	1.05%
                                  UNMAPPED READS:
  Number of reads unmapped: too many mismatches |	0
       % of reads unmapped: too many mismatches |	0.00%
            Number of reads unmapped: too short |	2652
                 % of reads unmapped: too short |	0.11%
                Number of reads unmapped: other |	7318
                     % of reads unmapped: other |	0.29%
                                  CHIMERIC READS:
                       Number of chimeric reads |	0
                            % of chimeric reads |	0.00%
