                                 Started job on |	Oct 29 03:12:05
                             Started mapping on |	Oct 29 03:12:50
                                    Finished on |	Oct 29 03:13:11
       Mapping speed, Million of reads per hour |	407.22

                          Number of input reads |	2375427
                      Average input read length |	39
                                    UNIQUE READS:
                   Uniquely mapped reads number |	1943657
                        Uniquely mapped reads % |	81.82%
                          Average mapped length |	39.51
                       Number of splices: Total |	216578
            Number of splices: Annotated (sjdb) |	215452
                       Number of splices: GT/AG |	214497
                       Number of splices: GC/AG |	1668
                       Number of splices: AT/AC |	223
               Number of splices: Non-canonical |	190
                      Mismatch rate per base, % |	0.17%
                         Deletion rate per base |	0.00%
                        Deletion average length |	1.41
                        Insertion rate per base |	0.00%
                       Insertion average length |	1.16
                             MULTI-MAPPING READS:
        Number of reads mapped to multiple loci |	401971
             % of reads mapped to multiple loci |	16.92%
        Number of reads mapped to too many loci |	18332
             % of reads mapped to too many loci |	0.77%
                                  UNMAPPED READS:
  Number of reads unmapped: too many mismatches |	0
       % of reads unmapped: too many mismatches |	0.00%
            Number of reads unmapped: too short |	2684
                 % of reads unmapped: too short |	0.11%
                Number of reads unmapped: other |	8783
                     % of reads unmapped: other |	0.37%
                                  CHIMERIC READS:
                       Number of chimeric reads |	0
                            % of chimeric reads |	0.00%
