                                 Started job on |	Oct 27 18:03:38
                             Started mapping on |	Oct 27 18:04:29
                                    Finished on |	Oct 27 18:04:54
       Mapping speed, Million of reads per hour |	362.70

                          Number of input reads |	2518784
                      Average input read length |	39
                                    UNIQUE READS:
                   Uniquely mapped reads number |	1899455
                        Uniquely mapped reads % |	75.41%
                          Average mapped length |	39.41
                       Number of splices: Total |	185663
            Number of splices: Annotated (sjdb) |	184790
                       Number of splices: GT/AG |	183831
                       Number of splices: GC/AG |	1440
                       Number of splices: AT/AC |	183
               Number of splices: Non-canonical |	209
                      Mismatch rate per base, % |	0.17%
                         Deletion rate per base |	0.00%
                        Deletion average length |	1.32
                        Insertion rate per base |	0.00%
                       Insertion average length |	1.21
                             MULTI-MAPPING READS:
        Number of reads mapped to multiple loci |	581534
             % of reads mapped to multiple loci |	23.09%
        Number of reads mapped to too many loci |	26941
             % of reads mapped to too many loci |	1.07%
                                  UNMAPPED READS:
  Number of reads unmapped: too many mismatches |	0
       % of reads unmapped: too many mismatches |	0.00%
            Number of reads unmapped: too short |	3557
                 % of reads unmapped: too short |	0.14%
                Number of reads unmapped: other |	7297
                     % of reads unmapped: other |	0.29%
                                  CHIMERIC READS:
                       Number of chimeric reads |	0
                            % of chimeric reads |	0.00%
