                                 Started job on |	Oct 27 18:20:14
                             Started mapping on |	Oct 27 18:21:10
                                    Finished on |	Oct 27 18:21:24
       Mapping speed, Million of reads per hour |	595.39

                          Number of input reads |	2315410
                      Average input read length |	39
                                    UNIQUE READS:
                   Uniquely mapped reads number |	1898990
                        Uniquely mapped reads % |	82.02%
                          Average mapped length |	39.43
                       Number of splices: Total |	192325
            Number of splices: Annotated (sjdb) |	191295
                       Number of splices: GT/AG |	190361
                       Number of splices: GC/AG |	1565
                       Number of splices: AT/AC |	213
               Number of splices: Non-canonical |	186
                      Mismatch rate per base, % |	0.19%
                         Deletion rate per base |	0.00%
                        Deletion average length |	1.41
                        Insertion rate per base |	0.00%
                       Insertion average length |	1.16
                             MULTI-MAPPING READS:
        Number of reads mapped to multiple loci |	385647
             % of reads mapped to multiple loci |	16.66%
        Number of reads mapped to too many loci |	18460
             % of reads mapped to too many loci |	0.80%
                                  UNMAPPED READS:
  Number of reads unmapped: too many mismatches |	0
       % of reads unmapped: too many mismatches |	0.00%
            Number of reads unmapped: too short |	3354
                 % of reads unmapped: too short |	0.14%
                Number of reads unmapped: other |	8959
                     % of reads unmapped: other |	0.39%
                                  CHIMERIC READS:
                       Number of chimeric reads |	0
                            % of chimeric reads |	0.00%
