                                 Started job on |	Oct 27 17:52:58
                             Started mapping on |	Oct 27 17:53:50
                                    Finished on |	Oct 27 17:54:07
       Mapping speed, Million of reads per hour |	652.68

                          Number of input reads |	3082108
                      Average input read length |	39
                                    UNIQUE READS:
                   Uniquely mapped reads number |	2533926
                        Uniquely mapped reads % |	82.21%
                          Average mapped length |	39.44
                       Number of splices: Total |	258143
            Number of splices: Annotated (sjdb) |	256772
                       Number of splices: GT/AG |	255436
                       Number of splices: GC/AG |	2182
                       Number of splices: AT/AC |	251
               Number of splices: Non-canonical |	274
                      Mismatch rate per base, % |	0.16%
                         Deletion rate per base |	0.00%
                        Deletion average length |	1.41
                        Insertion rate per base |	0.00%
                       Insertion average length |	1.19
                             MULTI-MAPPING READS:
        Number of reads mapped to multiple loci |	508545
             % of reads mapped to multiple loci |	16.50%
        Number of reads mapped to too many loci |	24029
             % of reads mapped to too many loci |	0.78%
                                  UNMAPPED READS:
  Number of reads unmapped: too many mismatches |	0
       % of reads unmapped: too many mismatches |	0.00%
            Number of reads unmapped: too short |	3120
                 % of reads unmapped: too short |	0.10%
                Number of reads unmapped: other |	12488
                     % of reads unmapped: other |	0.41%
                                  CHIMERIC READS:
                       Number of chimeric reads |	0
                            % of chimeric reads |	0.00%
