                                 Started job on |	Oct 29 04:12:05
                             Started mapping on |	Oct 29 04:12:56
                                    Finished on |	Oct 29 04:13:10
       Mapping speed, Million of reads per hour |	393.93

                          Number of input reads |	1531932
                      Average input read length |	39
                                    UNIQUE READS:
                   Uniquely mapped reads number |	1246796
                        Uniquely mapped reads % |	81.39%
                          Average mapped length |	39.46
                       Number of splices: Total |	128378
            Number of splices: Annotated (sjdb) |	127679
                       Number of splices: GT/AG |	127056
                       Number of splices: GC/AG |	1042
                       Number of splices: AT/AC |	130
               Number of splices: Non-canonical |	150
                      Mismatch rate per base, % |	0.13%
                         Deletion rate per base |	0.00%
                        Deletion average length |	1.38
                        Insertion rate per base |	0.00%
                       Insertion average length |	1.21
                             MULTI-MAPPING READS:
        Number of reads mapped to multiple loci |	265975
             % of reads mapped to multiple loci |	17.36%
        Number of reads mapped to too many loci |	11980
             % of reads mapped to too many loci |	0.78%
                                  UNMAPPED READS:
  Number of reads unmapped: too many mismatches |	0
       % of reads unmapped: too many mismatches |	0.00%
            Number of reads unmapped: too short |	1312
                 % of reads unmapped: too short |	0.09%
                Number of reads unmapped: other |	5869
                     % of reads unmapped: other |	0.38%
                                  CHIMERIC READS:
                       Number of chimeric reads |	0
                            % of chimeric reads |	0.00%
