                                 Started job on |	Oct 29 03:01:48
                             Started mapping on |	Oct 29 03:02:41
                                    Finished on |	Oct 29 03:03:04
       Mapping speed, Million of reads per hour |	368.53

                          Number of input reads |	2354494
                      Average input read length |	39
                                    UNIQUE READS:
                   Uniquely mapped reads number |	1775903
                        Uniquely mapped reads % |	75.43%
                          Average mapped length |	39.43
                       Number of splices: Total |	174610
            Number of splices: Annotated (sjdb) |	173754
                       Number of splices: GT/AG |	172854
                       Number of splices: GC/AG |	1366
                       Number of splices: AT/AC |	167
               Number of splices: Non-canonical |	223
                      Mismatch rate per base, % |	0.15%
                         Deletion rate per base |	0.00%
                        Deletion average length |	1.34
                        Insertion rate per base |	0.00%
                       Insertion average length |	1.18
                             MULTI-MAPPING READS:
        Number of reads mapped to multiple loci |	543717
             % of reads mapped to multiple loci |	23.09%
        Number of reads mapped to too many loci |	25217
             % of reads mapped to too many loci |	1.07%
                                  UNMAPPED READS:
  Number of reads unmapped: too many mismatches |	0
       % of reads unmapped: too many mismatches |	0.00%
            Number of reads unmapped: too short |	2545
                 % of reads unmapped: too short |	0.11%
                Number of reads unmapped: other |	7112
                     % of reads unmapped: other |	0.30%
                                  CHIMERIC READS:
                       Number of chimeric reads |	0
                            % of chimeric reads |	0.00%
