                                 Started job on |	Oct 29 02:26:56
                             Started mapping on |	Oct 29 02:27:51
                                    Finished on |	Oct 29 02:28:07
       Mapping speed, Million of reads per hour |	638.05

                          Number of input reads |	2835762
                      Average input read length |	39
                                    UNIQUE READS:
                   Uniquely mapped reads number |	2333062
                        Uniquely mapped reads % |	82.27%
                          Average mapped length |	39.51
                       Number of splices: Total |	251831
            Number of splices: Annotated (sjdb) |	250366
                       Number of splices: GT/AG |	249344
                       Number of splices: GC/AG |	1950
                       Number of splices: AT/AC |	271
               Number of splices: Non-canonical |	266
                      Mismatch rate per base, % |	0.15%
                         Deletion rate per base |	0.00%
                        Deletion average length |	1.40
                        Insertion rate per base |	0.00%
                       Insertion average length |	1.18
                             MULTI-MAPPING READS:
        Number of reads mapped to multiple loci |	466817
             % of reads mapped to multiple loci |	16.46%
        Number of reads mapped to too many loci |	21989
             % of reads mapped to too many loci |	0.78%
                                  UNMAPPED READS:
  Number of reads unmapped: too many mismatches |	0
       % of reads unmapped: too many mismatches |	0.00%
            Number of reads unmapped: too short |	3210
                 % of reads unmapped: too short |	0.11%
                Number of reads unmapped: other |	10684
                     % of reads unmapped: other |	0.38%
                                  CHIMERIC READS:
                       Number of chimeric reads |	0
                            % of chimeric reads |	0.00%
