                                 Started job on |	Oct 29 04:20:09
                             Started mapping on |	Oct 29 04:20:54
                                    Finished on |	Oct 29 04:21:03
       Mapping speed, Million of reads per hour |	93.28

                          Number of input reads |	233200
                      Average input read length |	39
                                    UNIQUE READS:
                   Uniquely mapped reads number |	195647
                        Uniquely mapped reads % |	83.90%
                          Average mapped length |	39.50
                       Number of splices: Total |	20971
            Number of splices: Annotated (sjdb) |	20822
                       Number of splices: GT/AG |	20754
                       Number of splices: GC/AG |	165
                       Number of splices: AT/AC |	31
               Number of splices: Non-canonical |	21
                      Mismatch rate per base, % |	0.17%
                         Deletion rate per base |	0.00%
                        Deletion average length |	1.37
                        Insertion rate per base |	0.00%
                       Insertion average length |	1.16
                             MULTI-MAPPING READS:
        Number of reads mapped to multiple loci |	34456
             % of reads mapped to multiple loci |	14.78%
        Number of reads mapped to too many loci |	1710
             % of reads mapped to too many loci |	0.73%
                                  UNMAPPED READS:
  Number of reads unmapped: too many mismatches |	0
       % of reads unmapped: too many mismatches |	0.00%
            Number of reads unmapped: too short |	346
                 % of reads unmapped: too short |	0.15%
                Number of reads unmapped: other |	1041
                     % of reads unmapped: other |	0.45%
                                  CHIMERIC READS:
                       Number of chimeric reads |	0
                            % of chimeric reads |	0.00%
