                                 Started job on |	Oct 29 03:29:27
                             Started mapping on |	Oct 29 03:30:38
                                    Finished on |	Oct 29 03:30:56
       Mapping speed, Million of reads per hour |	417.80

                          Number of input reads |	2089015
                      Average input read length |	39
                                    UNIQUE READS:
                   Uniquely mapped reads number |	1639585
                        Uniquely mapped reads % |	78.49%
                          Average mapped length |	39.48
                       Number of splices: Total |	192893
            Number of splices: Annotated (sjdb) |	191995
                       Number of splices: GT/AG |	191055
                       Number of splices: GC/AG |	1427
                       Number of splices: AT/AC |	222
               Number of splices: Non-canonical |	189
                      Mismatch rate per base, % |	0.13%
                         Deletion rate per base |	0.00%
                        Deletion average length |	1.37
                        Insertion rate per base |	0.00%
                       Insertion average length |	1.16
                             MULTI-MAPPING READS:
        Number of reads mapped to multiple loci |	422896
             % of reads mapped to multiple loci |	20.24%
        Number of reads mapped to too many loci |	18971
             % of reads mapped to too many loci |	0.91%
                                  UNMAPPED READS:
  Number of reads unmapped: too many mismatches |	0
       % of reads unmapped: too many mismatches |	0.00%
            Number of reads unmapped: too short |	2638
                 % of reads unmapped: too short |	0.13%
                Number of reads unmapped: other |	4925
                     % of reads unmapped: other |	0.24%
                                  CHIMERIC READS:
                       Number of chimeric reads |	0
                            % of chimeric reads |	0.00%
