                                 Started job on |	Oct 29 04:04:21
                             Started mapping on |	Oct 29 04:05:06
                                    Finished on |	Oct 29 04:05:25
       Mapping speed, Million of reads per hour |	348.35

                          Number of input reads |	1838516
                      Average input read length |	39
                                    UNIQUE READS:
                   Uniquely mapped reads number |	1532411
                        Uniquely mapped reads % |	83.35%
                          Average mapped length |	39.49
                       Number of splices: Total |	160638
            Number of splices: Annotated (sjdb) |	159677
                       Number of splices: GT/AG |	159050
                       Number of splices: GC/AG |	1243
                       Number of splices: AT/AC |	183
               Number of splices: Non-canonical |	162
                      Mismatch rate per base, % |	0.15%
                         Deletion rate per base |	0.00%
                        Deletion average length |	1.37
                        Insertion rate per base |	0.00%
                       Insertion average length |	1.18
                             MULTI-MAPPING READS:
        Number of reads mapped to multiple loci |	282245
             % of reads mapped to multiple loci |	15.35%
        Number of reads mapped to too many loci |	14255
             % of reads mapped to too many loci |	0.78%
                                  UNMAPPED READS:
  Number of reads unmapped: too many mismatches |	0
       % of reads unmapped: too many mismatches |	0.00%
            Number of reads unmapped: too short |	2356
                 % of reads unmapped: too short |	0.13%
                Number of reads unmapped: other |	7249
                     % of reads unmapped: other |	0.39%
                                  CHIMERIC READS:
                       Number of chimeric reads |	0
                            % of chimeric reads |	0.00%
