                                 Started job on |	Oct 29 03:25:03
                             Started mapping on |	Oct 29 03:25:45
                                    Finished on |	Oct 29 03:26:01
       Mapping speed, Million of reads per hour |	487.69

                          Number of input reads |	2167513
                      Average input read length |	39
                                    UNIQUE READS:
                   Uniquely mapped reads number |	1700650
                        Uniquely mapped reads % |	78.46%
                          Average mapped length |	39.48
                       Number of splices: Total |	199899
            Number of splices: Annotated (sjdb) |	199031
                       Number of splices: GT/AG |	197992
                       Number of splices: GC/AG |	1484
                       Number of splices: AT/AC |	240
               Number of splices: Non-canonical |	183
                      Mismatch rate per base, % |	0.16%
                         Deletion rate per base |	0.00%
                        Deletion average length |	1.40
                        Insertion rate per base |	0.00%
                       Insertion average length |	1.17
                             MULTI-MAPPING READS:
        Number of reads mapped to multiple loci |	438973
             % of reads mapped to multiple loci |	20.25%
        Number of reads mapped to too many loci |	19621
             % of reads mapped to too many loci |	0.91%
                                  UNMAPPED READS:
  Number of reads unmapped: too many mismatches |	0
       % of reads unmapped: too many mismatches |	0.00%
            Number of reads unmapped: too short |	3195
                 % of reads unmapped: too short |	0.15%
                Number of reads unmapped: other |	5074
                     % of reads unmapped: other |	0.23%
                                  CHIMERIC READS:
                       Number of chimeric reads |	0
                            % of chimeric reads |	0.00%
