                                 Started job on |	Oct 29 04:16:27
                             Started mapping on |	Oct 29 04:17:15
                                    Finished on |	Oct 29 04:17:25
       Mapping speed, Million of reads per hour |	96.08

                          Number of input reads |	266882
                      Average input read length |	39
                                    UNIQUE READS:
                   Uniquely mapped reads number |	224047
                        Uniquely mapped reads % |	83.95%
                          Average mapped length |	39.49
                       Number of splices: Total |	23687
            Number of splices: Annotated (sjdb) |	23527
                       Number of splices: GT/AG |	23452
                       Number of splices: GC/AG |	190
                       Number of splices: AT/AC |	16
               Number of splices: Non-canonical |	29
                      Mismatch rate per base, % |	0.19%
                         Deletion rate per base |	0.00%
                        Deletion average length |	1.38
                        Insertion rate per base |	0.00%
                       Insertion average length |	1.10
                             MULTI-MAPPING READS:
        Number of reads mapped to multiple loci |	39245
             % of reads mapped to multiple loci |	14.71%
        Number of reads mapped to too many loci |	1984
             % of reads mapped to too many loci |	0.74%
                                  UNMAPPED READS:
  Number of reads unmapped: too many mismatches |	0
       % of reads unmapped: too many mismatches |	0.00%
            Number of reads unmapped: too short |	455
                 % of reads unmapped: too short |	0.17%
                Number of reads unmapped: other |	1151
                     % of reads unmapped: other |	0.43%
                                  CHIMERIC READS:
                       Number of chimeric reads |	0
                            % of chimeric reads |	0.00%
