                                 Started job on |	Oct 29 03:51:43
                             Started mapping on |	Oct 29 03:52:45
                                    Finished on |	Oct 29 03:53:01
       Mapping speed, Million of reads per hour |	424.51

                          Number of input reads |	1886717
                      Average input read length |	39
                                    UNIQUE READS:
                   Uniquely mapped reads number |	1571697
                        Uniquely mapped reads % |	83.30%
                          Average mapped length |	39.48
                       Number of splices: Total |	164670
            Number of splices: Annotated (sjdb) |	163705
                       Number of splices: GT/AG |	163090
                       Number of splices: GC/AG |	1249
                       Number of splices: AT/AC |	173
               Number of splices: Non-canonical |	158
                      Mismatch rate per base, % |	0.12%
                         Deletion rate per base |	0.00%
                        Deletion average length |	1.41
                        Insertion rate per base |	0.00%
                       Insertion average length |	1.18
                             MULTI-MAPPING READS:
        Number of reads mapped to multiple loci |	290045
             % of reads mapped to multiple loci |	15.37%
        Number of reads mapped to too many loci |	14768
             % of reads mapped to too many loci |	0.78%
                                  UNMAPPED READS:
  Number of reads unmapped: too many mismatches |	0
       % of reads unmapped: too many mismatches |	0.00%
            Number of reads unmapped: too short |	2236
                 % of reads unmapped: too short |	0.12%
                Number of reads unmapped: other |	7971
                     % of reads unmapped: other |	0.42%
                                  CHIMERIC READS:
                       Number of chimeric reads |	0
                            % of chimeric reads |	0.00%
