                                 Started job on |	Oct 27 18:39:12
                             Started mapping on |	Oct 27 18:41:29
                                    Finished on |	Oct 27 18:41:51
       Mapping speed, Million of reads per hour |	363.68

                          Number of input reads |	2222486
                      Average input read length |	39
                                    UNIQUE READS:
                   Uniquely mapped reads number |	1857792
                        Uniquely mapped reads % |	83.59%
                          Average mapped length |	39.41
                       Number of splices: Total |	188473
            Number of splices: Annotated (sjdb) |	187436
                       Number of splices: GT/AG |	186530
                       Number of splices: GC/AG |	1550
                       Number of splices: AT/AC |	198
               Number of splices: Non-canonical |	195
                      Mismatch rate per base, % |	0.17%
                         Deletion rate per base |	0.00%
                        Deletion average length |	1.42
                        Insertion rate per base |	0.00%
                       Insertion average length |	1.18
                             MULTI-MAPPING READS:
        Number of reads mapped to multiple loci |	335385
             % of reads mapped to multiple loci |	15.09%
        Number of reads mapped to too many loci |	16543
             % of reads mapped to too many loci |	0.74%
                                  UNMAPPED READS:
  Number of reads unmapped: too many mismatches |	0
       % of reads unmapped: too many mismatches |	0.00%
            Number of reads unmapped: too short |	3236
                 % of reads unmapped: too short |	0.15%
                Number of reads unmapped: other |	9530
                     % of reads unmapped: other |	0.43%
                                  CHIMERIC READS:
                       Number of chimeric reads |	0
                            % of chimeric reads |	0.00%
