                                 Started job on |	Oct 29 03:10:54
                             Started mapping on |	Oct 29 03:11:41
                                    Finished on |	Oct 29 03:12:01
       Mapping speed, Million of reads per hour |	403.86

                          Number of input reads |	2243661
                      Average input read length |	39
                                    UNIQUE READS:
                   Uniquely mapped reads number |	1876434
                        Uniquely mapped reads % |	83.63%
                          Average mapped length |	39.41
                       Number of splices: Total |	190597
            Number of splices: Annotated (sjdb) |	189588
                       Number of splices: GT/AG |	188733
                       Number of splices: GC/AG |	1476
                       Number of splices: AT/AC |	209
               Number of splices: Non-canonical |	179
                      Mismatch rate per base, % |	0.17%
                         Deletion rate per base |	0.00%
                        Deletion average length |	1.41
                        Insertion rate per base |	0.00%
                       Insertion average length |	1.15
                             MULTI-MAPPING READS:
        Number of reads mapped to multiple loci |	338388
             % of reads mapped to multiple loci |	15.08%
        Number of reads mapped to too many loci |	16780
             % of reads mapped to too many loci |	0.75%
                                  UNMAPPED READS:
  Number of reads unmapped: too many mismatches |	0
       % of reads unmapped: too many mismatches |	0.00%
            Number of reads unmapped: too short |	2579
                 % of reads unmapped: too short |	0.11%
                Number of reads unmapped: other |	9480
                     % of reads unmapped: other |	0.42%
                                  CHIMERIC READS:
                       Number of chimeric reads |	0
                            % of chimeric reads |	0.00%
