                                 Started job on |	Oct 29 04:09:49
                             Started mapping on |	Oct 29 04:10:38
                                    Finished on |	Oct 29 04:10:53
       Mapping speed, Million of reads per hour |	370.11

                          Number of input reads |	1542136
                      Average input read length |	39
                                    UNIQUE READS:
                   Uniquely mapped reads number |	1256090
                        Uniquely mapped reads % |	81.45%
                          Average mapped length |	39.42
                       Number of splices: Total |	128593
            Number of splices: Annotated (sjdb) |	127969
                       Number of splices: GT/AG |	127270
                       Number of splices: GC/AG |	1052
                       Number of splices: AT/AC |	139
               Number of splices: Non-canonical |	132
                      Mismatch rate per base, % |	0.15%
                         Deletion rate per base |	0.00%
                        Deletion average length |	1.42
                        Insertion rate per base |	0.00%
                       Insertion average length |	1.17
                             MULTI-MAPPING READS:
        Number of reads mapped to multiple loci |	266672
             % of reads mapped to multiple loci |	17.29%
        Number of reads mapped to too many loci |	12130
             % of reads mapped to too many loci |	0.79%
                                  UNMAPPED READS:
  Number of reads unmapped: too many mismatches |	0
       % of reads unmapped: too many mismatches |	0.00%
            Number of reads unmapped: too short |	1495
                 % of reads unmapped: too short |	0.10%
                Number of reads unmapped: other |	5749
                     % of reads unmapped: other |	0.37%
                                  CHIMERIC READS:
                       Number of chimeric reads |	0
                            % of chimeric reads |	0.00%
