                                 Started job on |	Oct 27 18:45:57
                             Started mapping on |	Oct 27 18:47:33
                                    Finished on |	Oct 27 18:47:54
       Mapping speed, Million of reads per hour |	370.67

                          Number of input reads |	2162222
                      Average input read length |	39
                                    UNIQUE READS:
                   Uniquely mapped reads number |	1773455
                        Uniquely mapped reads % |	82.02%
                          Average mapped length |	39.42
                       Number of splices: Total |	181208
            Number of splices: Annotated (sjdb) |	180240
                       Number of splices: GT/AG |	179298
                       Number of splices: GC/AG |	1522
                       Number of splices: AT/AC |	194
               Number of splices: Non-canonical |	194
                      Mismatch rate per base, % |	0.15%
                         Deletion rate per base |	0.00%
                        Deletion average length |	1.38
                        Insertion rate per base |	0.00%
                       Insertion average length |	1.16
                             MULTI-MAPPING READS:
        Number of reads mapped to multiple loci |	361265
             % of reads mapped to multiple loci |	16.71%
        Number of reads mapped to too many loci |	16973
             % of reads mapped to too many loci |	0.78%
                                  UNMAPPED READS:
  Number of reads unmapped: too many mismatches |	0
       % of reads unmapped: too many mismatches |	0.00%
            Number of reads unmapped: too short |	1887
                 % of reads unmapped: too short |	0.09%
                Number of reads unmapped: other |	8642
                     % of reads unmapped: other |	0.40%
                                  CHIMERIC READS:
                       Number of chimeric reads |	0
                            % of chimeric reads |	0.00%
