                                 Started job on |	Oct 29 04:18:17
                             Started mapping on |	Oct 29 04:19:04
                                    Finished on |	Oct 29 04:19:13
       Mapping speed, Million of reads per hour |	95.49

                          Number of input reads |	238714
                      Average input read length |	39
                                    UNIQUE READS:
                   Uniquely mapped reads number |	200030
                        Uniquely mapped reads % |	83.79%
                          Average mapped length |	39.50
                       Number of splices: Total |	21581
            Number of splices: Annotated (sjdb) |	21457
                       Number of splices: GT/AG |	21377
                       Number of splices: GC/AG |	162
                       Number of splices: AT/AC |	22
               Number of splices: Non-canonical |	20
                      Mismatch rate per base, % |	0.15%
                         Deletion rate per base |	0.00%
                        Deletion average length |	1.39
                        Insertion rate per base |	0.00%
                       Insertion average length |	1.15
                             MULTI-MAPPING READS:
        Number of reads mapped to multiple loci |	35600
             % of reads mapped to multiple loci |	14.91%
        Number of reads mapped to too many loci |	1712
             % of reads mapped to too many loci |	0.72%
                                  UNMAPPED READS:
  Number of reads unmapped: too many mismatches |	0
       % of reads unmapped: too many mismatches |	0.00%
            Number of reads unmapped: too short |	327
                 % of reads unmapped: too short |	0.14%
                Number of reads unmapped: other |	1045
                     % of reads unmapped: other |	0.44%
                                  CHIMERIC READS:
                       Number of chimeric reads |	0
                            % of chimeric reads |	0.00%
