                                 Started job on |	Oct 29 04:13:13
                             Started mapping on |	Oct 29 04:14:03
                                    Finished on |	Oct 29 04:14:17
       Mapping speed, Million of reads per hour |	383.93

                          Number of input reads |	1493074
                      Average input read length |	39
                                    UNIQUE READS:
                   Uniquely mapped reads number |	1215936
                        Uniquely mapped reads % |	81.44%
                          Average mapped length |	39.46
                       Number of splices: Total |	125543
            Number of splices: Annotated (sjdb) |	124942
                       Number of splices: GT/AG |	124219
                       Number of splices: GC/AG |	1070
                       Number of splices: AT/AC |	134
               Number of splices: Non-canonical |	120
                      Mismatch rate per base, % |	0.13%
                         Deletion rate per base |	0.00%
                        Deletion average length |	1.45
                        Insertion rate per base |	0.00%
                       Insertion average length |	1.15
                             MULTI-MAPPING READS:
        Number of reads mapped to multiple loci |	258307
             % of reads mapped to multiple loci |	17.30%
        Number of reads mapped to too many loci |	11813
             % of reads mapped to too many loci |	0.79%
                                  UNMAPPED READS:
  Number of reads unmapped: too many mismatches |	0
       % of reads unmapped: too many mismatches |	0.00%
            Number of reads unmapped: too short |	1411
                 % of reads unmapped: too short |	0.09%
                Number of reads unmapped: other |	5607
                     % of reads unmapped: other |	0.38%
                                  CHIMERIC READS:
                       Number of chimeric reads |	0
                            % of chimeric reads |	0.00%
