                                 Started job on |	Oct 29 02:20:10
                             Started mapping on |	Oct 29 02:21:03
                                    Finished on |	Oct 29 02:21:26
       Mapping speed, Million of reads per hour |	474.94

                          Number of input reads |	3034353
                      Average input read length |	39
                                    UNIQUE READS:
                   Uniquely mapped reads number |	2498408
                        Uniquely mapped reads % |	82.34%
                          Average mapped length |	39.50
                       Number of splices: Total |	269009
            Number of splices: Annotated (sjdb) |	267422
                       Number of splices: GT/AG |	266379
                       Number of splices: GC/AG |	2050
                       Number of splices: AT/AC |	287
               Number of splices: Non-canonical |	293
                      Mismatch rate per base, % |	0.13%
                         Deletion rate per base |	0.00%
                        Deletion average length |	1.42
                        Insertion rate per base |	0.00%
                       Insertion average length |	1.15
                             MULTI-MAPPING READS:
        Number of reads mapped to multiple loci |	497995
             % of reads mapped to multiple loci |	16.41%
        Number of reads mapped to too many loci |	23190
             % of reads mapped to too many loci |	0.76%
                                  UNMAPPED READS:
  Number of reads unmapped: too many mismatches |	0
       % of reads unmapped: too many mismatches |	0.00%
            Number of reads unmapped: too short |	3053
                 % of reads unmapped: too short |	0.10%
                Number of reads unmapped: other |	11707
                     % of reads unmapped: other |	0.39%
                                  CHIMERIC READS:
                       Number of chimeric reads |	0
                            % of chimeric reads |	0.00%
