                                 Started job on |	Oct 29 02:49:43
                             Started mapping on |	Oct 29 02:50:53
                                    Finished on |	Oct 29 02:51:12
       Mapping speed, Million of reads per hour |	465.63

                          Number of input reads |	2457504
                      Average input read length |	39
                                    UNIQUE READS:
                   Uniquely mapped reads number |	2011865
                        Uniquely mapped reads % |	81.87%
                          Average mapped length |	39.49
                       Number of splices: Total |	223512
            Number of splices: Annotated (sjdb) |	222357
                       Number of splices: GT/AG |	221398
                       Number of splices: GC/AG |	1681
                       Number of splices: AT/AC |	198
               Number of splices: Non-canonical |	235
                      Mismatch rate per base, % |	0.12%
                         Deletion rate per base |	0.00%
                        Deletion average length |	1.42
                        Insertion rate per base |	0.00%
                       Insertion average length |	1.18
                             MULTI-MAPPING READS:
        Number of reads mapped to multiple loci |	415092
             % of reads mapped to multiple loci |	16.89%
        Number of reads mapped to too many loci |	18982
             % of reads mapped to too many loci |	0.77%
                                  UNMAPPED READS:
  Number of reads unmapped: too many mismatches |	0
       % of reads unmapped: too many mismatches |	0.00%
            Number of reads unmapped: too short |	2483
                 % of reads unmapped: too short |	0.10%
                Number of reads unmapped: other |	9082
                     % of reads unmapped: other |	0.37%
                                  CHIMERIC READS:
                       Number of chimeric reads |	0
                            % of chimeric reads |	0.00%
