                                 Started job on |	Oct 27 18:59:02
                             Started mapping on |	Oct 27 18:59:34
                                    Finished on |	Oct 27 18:59:48
       Mapping speed, Million of reads per hour |	490.77

                          Number of input reads |	1908548
                      Average input read length |	39
                                    UNIQUE READS:
                   Uniquely mapped reads number |	1499629
                        Uniquely mapped reads % |	78.57%
                          Average mapped length |	39.44
                       Number of splices: Total |	141451
            Number of splices: Annotated (sjdb) |	140651
                       Number of splices: GT/AG |	140124
                       Number of splices: GC/AG |	1053
                       Number of splices: AT/AC |	137
               Number of splices: Non-canonical |	137
                      Mismatch rate per base, % |	0.14%
                         Deletion rate per base |	0.00%
                        Deletion average length |	1.37
                        Insertion rate per base |	0.00%
                       Insertion average length |	1.19
                             MULTI-MAPPING READS:
        Number of reads mapped to multiple loci |	380253
             % of reads mapped to multiple loci |	19.92%
        Number of reads mapped to too many loci |	18984
             % of reads mapped to too many loci |	0.99%
                                  UNMAPPED READS:
  Number of reads unmapped: too many mismatches |	0
       % of reads unmapped: too many mismatches |	0.00%
            Number of reads unmapped: too short |	1865
                 % of reads unmapped: too short |	0.10%
                Number of reads unmapped: other |	7817
                     % of reads unmapped: other |	0.41%
                                  CHIMERIC READS:
                       Number of chimeric reads |	0
                            % of chimeric reads |	0.00%
