                                 Started job on |	Oct 27 18:50:07
                             Started mapping on |	Oct 27 18:52:01
                                    Finished on |	Oct 27 18:52:21
       Mapping speed, Million of reads per hour |	387.28

                          Number of input reads |	2151568
                      Average input read length |	39
                                    UNIQUE READS:
                   Uniquely mapped reads number |	1764052
                        Uniquely mapped reads % |	81.99%
                          Average mapped length |	39.46
                       Number of splices: Total |	181268
            Number of splices: Annotated (sjdb) |	180298
                       Number of splices: GT/AG |	179382
                       Number of splices: GC/AG |	1506
                       Number of splices: AT/AC |	185
               Number of splices: Non-canonical |	195
                      Mismatch rate per base, % |	0.13%
                         Deletion rate per base |	0.00%
                        Deletion average length |	1.37
                        Insertion rate per base |	0.00%
                       Insertion average length |	1.20
                             MULTI-MAPPING READS:
        Number of reads mapped to multiple loci |	360357
             % of reads mapped to multiple loci |	16.75%
        Number of reads mapped to too many loci |	16827
             % of reads mapped to too many loci |	0.78%
                                  UNMAPPED READS:
  Number of reads unmapped: too many mismatches |	0
       % of reads unmapped: too many mismatches |	0.00%
            Number of reads unmapped: too short |	1799
                 % of reads unmapped: too short |	0.08%
                Number of reads unmapped: other |	8533
                     % of reads unmapped: other |	0.40%
                                  CHIMERIC READS:
                       Number of chimeric reads |	0
                            % of chimeric reads |	0.00%
