                                 Started job on |	Oct 29 04:10:56
                             Started mapping on |	Oct 29 04:11:46
                                    Finished on |	Oct 29 04:12:00
       Mapping speed, Million of reads per hour |	394.04

                          Number of input reads |	1532383
                      Average input read length |	39
                                    UNIQUE READS:
                   Uniquely mapped reads number |	1247825
                        Uniquely mapped reads % |	81.43%
                          Average mapped length |	39.46
                       Number of splices: Total |	128507
            Number of splices: Annotated (sjdb) |	127845
                       Number of splices: GT/AG |	127219
                       Number of splices: GC/AG |	1019
                       Number of splices: AT/AC |	129
               Number of splices: Non-canonical |	140
                      Mismatch rate per base, % |	0.13%
                         Deletion rate per base |	0.00%
                        Deletion average length |	1.35
                        Insertion rate per base |	0.00%
                       Insertion average length |	1.16
                             MULTI-MAPPING READS:
        Number of reads mapped to multiple loci |	265449
             % of reads mapped to multiple loci |	17.32%
        Number of reads mapped to too many loci |	11934
             % of reads mapped to too many loci |	0.78%
                                  UNMAPPED READS:
  Number of reads unmapped: too many mismatches |	0
       % of reads unmapped: too many mismatches |	0.00%
            Number of reads unmapped: too short |	1430
                 % of reads unmapped: too short |	0.09%
                Number of reads unmapped: other |	5745
                     % of reads unmapped: other |	0.37%
                                  CHIMERIC READS:
                       Number of chimeric reads |	0
                            % of chimeric reads |	0.00%
