                                 Started job on |	Oct 29 03:06:31
                             Started mapping on |	Oct 29 03:07:16
                                    Finished on |	Oct 29 03:07:33
       Mapping speed, Million of reads per hour |	489.56

                          Number of input reads |	2311803
                      Average input read length |	39
                                    UNIQUE READS:
                   Uniquely mapped reads number |	1858347
                        Uniquely mapped reads % |	80.39%
                          Average mapped length |	39.43
                       Number of splices: Total |	190186
            Number of splices: Annotated (sjdb) |	189184
                       Number of splices: GT/AG |	188256
                       Number of splices: GC/AG |	1542
                       Number of splices: AT/AC |	186
               Number of splices: Non-canonical |	202
                      Mismatch rate per base, % |	0.15%
                         Deletion rate per base |	0.00%
                        Deletion average length |	1.39
                        Insertion rate per base |	0.00%
                       Insertion average length |	1.16
                             MULTI-MAPPING READS:
        Number of reads mapped to multiple loci |	421537
             % of reads mapped to multiple loci |	18.23%
        Number of reads mapped to too many loci |	19921
             % of reads mapped to too many loci |	0.86%
                                  UNMAPPED READS:
  Number of reads unmapped: too many mismatches |	0
       % of reads unmapped: too many mismatches |	0.00%
            Number of reads unmapped: too short |	2619
                 % of reads unmapped: too short |	0.11%
                Number of reads unmapped: other |	9379
                     % of reads unmapped: other |	0.41%
                                  CHIMERIC READS:
                       Number of chimeric reads |	0
                            % of chimeric reads |	0.00%
