                                 Started job on |	Oct 27 19:07:15
                             Started mapping on |	Oct 27 19:08:32
                                    Finished on |	Oct 27 19:08:47
       Mapping speed, Million of reads per hour |	442.40

                          Number of input reads |	1843347
                      Average input read length |	39
                                    UNIQUE READS:
                   Uniquely mapped reads number |	1446658
                        Uniquely mapped reads % |	78.48%
                          Average mapped length |	39.41
                       Number of splices: Total |	135254
            Number of splices: Annotated (sjdb) |	134489
                       Number of splices: GT/AG |	133876
                       Number of splices: GC/AG |	1092
                       Number of splices: AT/AC |	148
               Number of splices: Non-canonical |	138
                      Mismatch rate per base, % |	0.16%
                         Deletion rate per base |	0.00%
                        Deletion average length |	1.36
                        Insertion rate per base |	0.00%
                       Insertion average length |	1.16
                             MULTI-MAPPING READS:
        Number of reads mapped to multiple loci |	368702
             % of reads mapped to multiple loci |	20.00%
        Number of reads mapped to too many loci |	18589
             % of reads mapped to too many loci |	1.01%
                                  UNMAPPED READS:
  Number of reads unmapped: too many mismatches |	0
       % of reads unmapped: too many mismatches |	0.00%
            Number of reads unmapped: too short |	1927
                 % of reads unmapped: too short |	0.10%
                Number of reads unmapped: other |	7471
                     % of reads unmapped: other |	0.41%
                                  CHIMERIC READS:
                       Number of chimeric reads |	0
                            % of chimeric reads |	0.00%
