                                 Started job on |	Oct 29 04:21:06
                             Started mapping on |	Oct 29 04:21:53
                                    Finished on |	Oct 29 04:22:02
       Mapping speed, Million of reads per hour |	93.43

                          Number of input reads |	233573
                      Average input read length |	39
                                    UNIQUE READS:
                   Uniquely mapped reads number |	195991
                        Uniquely mapped reads % |	83.91%
                          Average mapped length |	39.49
                       Number of splices: Total |	20735
            Number of splices: Annotated (sjdb) |	20616
                       Number of splices: GT/AG |	20544
                       Number of splices: GC/AG |	153
                       Number of splices: AT/AC |	22
               Number of splices: Non-canonical |	16
                      Mismatch rate per base, % |	0.16%
                         Deletion rate per base |	0.00%
                        Deletion average length |	1.46
                        Insertion rate per base |	0.00%
                       Insertion average length |	1.14
                             MULTI-MAPPING READS:
        Number of reads mapped to multiple loci |	34381
             % of reads mapped to multiple loci |	14.72%
        Number of reads mapped to too many loci |	1700
             % of reads mapped to too many loci |	0.73%
                                  UNMAPPED READS:
  Number of reads unmapped: too many mismatches |	0
       % of reads unmapped: too many mismatches |	0.00%
            Number of reads unmapped: too short |	358
                 % of reads unmapped: too short |	0.15%
                Number of reads unmapped: other |	1143
                     % of reads unmapped: other |	0.49%
                                  CHIMERIC READS:
                       Number of chimeric reads |	0
                            % of chimeric reads |	0.00%
