                                 Started job on |	Oct 27 18:15:41
                             Started mapping on |	Oct 27 18:17:07
                                    Finished on |	Oct 27 18:17:30
       Mapping speed, Million of reads per hour |	362.69

                          Number of input reads |	2317201
                      Average input read length |	39
                                    UNIQUE READS:
                   Uniquely mapped reads number |	1862919
                        Uniquely mapped reads % |	80.40%
                          Average mapped length |	39.41
                       Number of splices: Total |	189187
            Number of splices: Annotated (sjdb) |	188203
                       Number of splices: GT/AG |	187288
                       Number of splices: GC/AG |	1479
                       Number of splices: AT/AC |	197
               Number of splices: Non-canonical |	223
                      Mismatch rate per base, % |	0.17%
                         Deletion rate per base |	0.00%
                        Deletion average length |	1.38
                        Insertion rate per base |	0.00%
                       Insertion average length |	1.16
                             MULTI-MAPPING READS:
        Number of reads mapped to multiple loci |	422378
             % of reads mapped to multiple loci |	18.23%
        Number of reads mapped to too many loci |	19816
             % of reads mapped to too many loci |	0.86%
                                  UNMAPPED READS:
  Number of reads unmapped: too many mismatches |	0
       % of reads unmapped: too many mismatches |	0.00%
            Number of reads unmapped: too short |	2784
                 % of reads unmapped: too short |	0.12%
                Number of reads unmapped: other |	9304
                     % of reads unmapped: other |	0.40%
                                  CHIMERIC READS:
                       Number of chimeric reads |	0
                            % of chimeric reads |	0.00%
