                                 Started job on |	Oct 29 03:14:21
                             Started mapping on |	Oct 29 03:15:03
                                    Finished on |	Oct 29 03:15:20
       Mapping speed, Million of reads per hour |	470.49

                          Number of input reads |	2221738
                      Average input read length |	39
                                    UNIQUE READS:
                   Uniquely mapped reads number |	1857456
                        Uniquely mapped reads % |	83.60%
                          Average mapped length |	39.41
                       Number of splices: Total |	188381
            Number of splices: Annotated (sjdb) |	187332
                       Number of splices: GT/AG |	186440
                       Number of splices: GC/AG |	1531
                       Number of splices: AT/AC |	197
               Number of splices: Non-canonical |	213
                      Mismatch rate per base, % |	0.17%
                         Deletion rate per base |	0.00%
                        Deletion average length |	1.40
                        Insertion rate per base |	0.00%
                       Insertion average length |	1.19
                             MULTI-MAPPING READS:
        Number of reads mapped to multiple loci |	335182
             % of reads mapped to multiple loci |	15.09%
        Number of reads mapped to too many loci |	16852
             % of reads mapped to too many loci |	0.76%
                                  UNMAPPED READS:
  Number of reads unmapped: too many mismatches |	0
       % of reads unmapped: too many mismatches |	0.00%
            Number of reads unmapped: too short |	2628
                 % of reads unmapped: too short |	0.12%
                Number of reads unmapped: other |	9620
                     % of reads unmapped: other |	0.43%
                                  CHIMERIC READS:
                       Number of chimeric reads |	0
                            % of chimeric reads |	0.00%
