                                 Started job on |	Oct 27 18:07:32
                             Started mapping on |	Oct 27 18:08:24
                                    Finished on |	Oct 27 18:08:51
       Mapping speed, Million of reads per hour |	320.89

                          Number of input reads |	2406691
                      Average input read length |	39
                                    UNIQUE READS:
                   Uniquely mapped reads number |	1937334
                        Uniquely mapped reads % |	80.50%
                          Average mapped length |	39.43
                       Number of splices: Total |	197804
            Number of splices: Annotated (sjdb) |	196731
                       Number of splices: GT/AG |	195871
                       Number of splices: GC/AG |	1556
                       Number of splices: AT/AC |	191
               Number of splices: Non-canonical |	186
                      Mismatch rate per base, % |	0.14%
                         Deletion rate per base |	0.00%
                        Deletion average length |	1.38
                        Insertion rate per base |	0.00%
                       Insertion average length |	1.18
                             MULTI-MAPPING READS:
        Number of reads mapped to multiple loci |	436843
             % of reads mapped to multiple loci |	18.15%
        Number of reads mapped to too many loci |	20257
             % of reads mapped to too many loci |	0.84%
                                  UNMAPPED READS:
  Number of reads unmapped: too many mismatches |	0
       % of reads unmapped: too many mismatches |	0.00%
            Number of reads unmapped: too short |	2609
                 % of reads unmapped: too short |	0.11%
                Number of reads unmapped: other |	9648
                     % of reads unmapped: other |	0.40%
                                  CHIMERIC READS:
                       Number of chimeric reads |	0
                            % of chimeric reads |	0.00%
