                                 Started job on |	Oct 29 03:31:00
                             Started mapping on |	Oct 29 03:31:46
                                    Finished on |	Oct 29 03:32:02
       Mapping speed, Million of reads per hour |	433.80

                          Number of input reads |	1928021
                      Average input read length |	39
                                    UNIQUE READS:
                   Uniquely mapped reads number |	1452752
                        Uniquely mapped reads % |	75.35%
                          Average mapped length |	39.41
                       Number of splices: Total |	127707
            Number of splices: Annotated (sjdb) |	127037
                       Number of splices: GT/AG |	126549
                       Number of splices: GC/AG |	891
                       Number of splices: AT/AC |	110
               Number of splices: Non-canonical |	157
                      Mismatch rate per base, % |	0.14%
                         Deletion rate per base |	0.00%
                        Deletion average length |	1.35
                        Insertion rate per base |	0.00%
                       Insertion average length |	1.15
                             MULTI-MAPPING READS:
        Number of reads mapped to multiple loci |	444712
             % of reads mapped to multiple loci |	23.07%
        Number of reads mapped to too many loci |	22205
             % of reads mapped to too many loci |	1.15%
                                  UNMAPPED READS:
  Number of reads unmapped: too many mismatches |	0
       % of reads unmapped: too many mismatches |	0.00%
            Number of reads unmapped: too short |	2161
                 % of reads unmapped: too short |	0.11%
                Number of reads unmapped: other |	6191
                     % of reads unmapped: other |	0.32%
                                  CHIMERIC READS:
                       Number of chimeric reads |	0
                            % of chimeric reads |	0.00%
