                                 Started job on |	Oct 29 03:15:25
                             Started mapping on |	Oct 29 03:16:05
                                    Finished on |	Oct 29 03:16:22
       Mapping speed, Million of reads per hour |	500.15

                          Number of input reads |	2361822
                      Average input read length |	39
                                    UNIQUE READS:
                   Uniquely mapped reads number |	1933008
                        Uniquely mapped reads % |	81.84%
                          Average mapped length |	39.51
                       Number of splices: Total |	215734
            Number of splices: Annotated (sjdb) |	214584
                       Number of splices: GT/AG |	213606
                       Number of splices: GC/AG |	1652
                       Number of splices: AT/AC |	263
               Number of splices: Non-canonical |	213
                      Mismatch rate per base, % |	0.13%
                         Deletion rate per base |	0.00%
                        Deletion average length |	1.42
                        Insertion rate per base |	0.00%
                       Insertion average length |	1.18
                             MULTI-MAPPING READS:
        Number of reads mapped to multiple loci |	399303
             % of reads mapped to multiple loci |	16.91%
        Number of reads mapped to too many loci |	18394
             % of reads mapped to too many loci |	0.78%
                                  UNMAPPED READS:
  Number of reads unmapped: too many mismatches |	0
       % of reads unmapped: too many mismatches |	0.00%
            Number of reads unmapped: too short |	2508
                 % of reads unmapped: too short |	0.11%
                Number of reads unmapped: other |	8609
                     % of reads unmapped: other |	0.36%
                                  CHIMERIC READS:
                       Number of chimeric reads |	0
                            % of chimeric reads |	0.00%
