                                 Started job on |	Oct 29 03:07:37
                             Started mapping on |	Oct 29 03:08:21
                                    Finished on |	Oct 29 03:08:39
       Mapping speed, Million of reads per hour |	456.81

                          Number of input reads |	2284067
                      Average input read length |	39
                                    UNIQUE READS:
                   Uniquely mapped reads number |	1873380
                        Uniquely mapped reads % |	82.02%
                          Average mapped length |	39.43
                       Number of splices: Total |	190857
            Number of splices: Annotated (sjdb) |	189856
                       Number of splices: GT/AG |	188848
                       Number of splices: GC/AG |	1628
                       Number of splices: AT/AC |	201
               Number of splices: Non-canonical |	180
                      Mismatch rate per base, % |	0.16%
                         Deletion rate per base |	0.00%
                        Deletion average length |	1.39
                        Insertion rate per base |	0.00%
                       Insertion average length |	1.18
                             MULTI-MAPPING READS:
        Number of reads mapped to multiple loci |	381282
             % of reads mapped to multiple loci |	16.69%
        Number of reads mapped to too many loci |	17647
             % of reads mapped to too many loci |	0.77%
                                  UNMAPPED READS:
  Number of reads unmapped: too many mismatches |	0
       % of reads unmapped: too many mismatches |	0.00%
            Number of reads unmapped: too short |	2871
                 % of reads unmapped: too short |	0.13%
                Number of reads unmapped: other |	8887
                     % of reads unmapped: other |	0.39%
                                  CHIMERIC READS:
                       Number of chimeric reads |	0
                            % of chimeric reads |	0.00%
