                                 Started job on |	Oct 29 02:38:53
                             Started mapping on |	Oct 29 02:39:58
                                    Finished on |	Oct 29 02:40:17
       Mapping speed, Million of reads per hour |	462.38

                          Number of input reads |	2440359
                      Average input read length |	39
                                    UNIQUE READS:
                   Uniquely mapped reads number |	1841298
                        Uniquely mapped reads % |	75.45%
                          Average mapped length |	39.39
                       Number of splices: Total |	180714
            Number of splices: Annotated (sjdb) |	179866
                       Number of splices: GT/AG |	178999
                       Number of splices: GC/AG |	1373
                       Number of splices: AT/AC |	165
               Number of splices: Non-canonical |	177
                      Mismatch rate per base, % |	0.16%
                         Deletion rate per base |	0.00%
                        Deletion average length |	1.34
                        Insertion rate per base |	0.00%
                       Insertion average length |	1.19
                             MULTI-MAPPING READS:
        Number of reads mapped to multiple loci |	562746
             % of reads mapped to multiple loci |	23.06%
        Number of reads mapped to too many loci |	26366
             % of reads mapped to too many loci |	1.08%
                                  UNMAPPED READS:
  Number of reads unmapped: too many mismatches |	0
       % of reads unmapped: too many mismatches |	0.00%
            Number of reads unmapped: too short |	2681
                 % of reads unmapped: too short |	0.11%
                Number of reads unmapped: other |	7268
                     % of reads unmapped: other |	0.30%
                                  CHIMERIC READS:
                       Number of chimeric reads |	0
                            % of chimeric reads |	0.00%
