                                 Started job on |	Oct 29 04:15:33
                             Started mapping on |	Oct 29 04:16:17
                                    Finished on |	Oct 29 04:16:24
       Mapping speed, Million of reads per hour |	138.71

                          Number of input reads |	269705
                      Average input read length |	39
                                    UNIQUE READS:
                   Uniquely mapped reads number |	226460
                        Uniquely mapped reads % |	83.97%
                          Average mapped length |	39.49
                       Number of splices: Total |	24108
            Number of splices: Annotated (sjdb) |	23946
                       Number of splices: GT/AG |	23858
                       Number of splices: GC/AG |	195
                       Number of splices: AT/AC |	22
               Number of splices: Non-canonical |	33
                      Mismatch rate per base, % |	0.16%
                         Deletion rate per base |	0.00%
                        Deletion average length |	1.35
                        Insertion rate per base |	0.00%
                       Insertion average length |	1.13
                             MULTI-MAPPING READS:
        Number of reads mapped to multiple loci |	39761
             % of reads mapped to multiple loci |	14.74%
        Number of reads mapped to too many loci |	1918
             % of reads mapped to too many loci |	0.71%
                                  UNMAPPED READS:
  Number of reads unmapped: too many mismatches |	0
       % of reads unmapped: too many mismatches |	0.00%
            Number of reads unmapped: too short |	418
                 % of reads unmapped: too short |	0.15%
                Number of reads unmapped: other |	1148
                     % of reads unmapped: other |	0.43%
                                  CHIMERIC READS:
                       Number of chimeric reads |	0
                            % of chimeric reads |	0.00%
