                                 Started job on |	Oct 27 18:26:12
                             Started mapping on |	Oct 27 18:26:50
                                    Finished on |	Oct 27 18:27:13
       Mapping speed, Million of reads per hour |	359.02

                          Number of input reads |	2293737
                      Average input read length |	39
                                    UNIQUE READS:
                   Uniquely mapped reads number |	1881970
                        Uniquely mapped reads % |	82.05%
                          Average mapped length |	39.43
                       Number of splices: Total |	192150
            Number of splices: Annotated (sjdb) |	191132
                       Number of splices: GT/AG |	190104
                       Number of splices: GC/AG |	1641
                       Number of splices: AT/AC |	211
               Number of splices: Non-canonical |	194
                      Mismatch rate per base, % |	0.16%
                         Deletion rate per base |	0.00%
                        Deletion average length |	1.40
                        Insertion rate per base |	0.00%
                       Insertion average length |	1.21
                             MULTI-MAPPING READS:
        Number of reads mapped to multiple loci |	382423
             % of reads mapped to multiple loci |	16.67%
        Number of reads mapped to too many loci |	18015
             % of reads mapped to too many loci |	0.79%
                                  UNMAPPED READS:
  Number of reads unmapped: too many mismatches |	0
       % of reads unmapped: too many mismatches |	0.00%
            Number of reads unmapped: too short |	2146
                 % of reads unmapped: too short |	0.09%
                Number of reads unmapped: other |	9183
                     % of reads unmapped: other |	0.40%
                                  CHIMERIC READS:
                       Number of chimeric reads |	0
                            % of chimeric reads |	0.00%
