                                 Started job on |	Oct 27 17:52:06
                             Started mapping on |	Oct 27 17:52:38
                                    Finished on |	Oct 27 17:52:54
       Mapping speed, Million of reads per hour |	696.31

                          Number of input reads |	3094702
                      Average input read length |	39
                                    UNIQUE READS:
                   Uniquely mapped reads number |	2544445
                        Uniquely mapped reads % |	82.22%
                          Average mapped length |	39.43
                       Number of splices: Total |	259779
            Number of splices: Annotated (sjdb) |	258386
                       Number of splices: GT/AG |	257065
                       Number of splices: GC/AG |	2165
                       Number of splices: AT/AC |	280
               Number of splices: Non-canonical |	269
                      Mismatch rate per base, % |	0.16%
                         Deletion rate per base |	0.00%
                        Deletion average length |	1.42
                        Insertion rate per base |	0.00%
                       Insertion average length |	1.20
                             MULTI-MAPPING READS:
        Number of reads mapped to multiple loci |	510510
             % of reads mapped to multiple loci |	16.50%
        Number of reads mapped to too many loci |	24197
             % of reads mapped to too many loci |	0.78%
                                  UNMAPPED READS:
  Number of reads unmapped: too many mismatches |	0
       % of reads unmapped: too many mismatches |	0.00%
            Number of reads unmapped: too short |	3034
                 % of reads unmapped: too short |	0.10%
                Number of reads unmapped: other |	12516
                     % of reads unmapped: other |	0.40%
                                  CHIMERIC READS:
                       Number of chimeric reads |	0
                            % of chimeric reads |	0.00%
