                                 Started job on |	Oct 29 02:13:57
                             Started mapping on |	Oct 29 02:14:41
                                    Finished on |	Oct 29 02:15:01
       Mapping speed, Million of reads per hour |	567.14

                          Number of input reads |	3150789
                      Average input read length |	39
                                    UNIQUE READS:
                   Uniquely mapped reads number |	2592216
                        Uniquely mapped reads % |	82.27%
                          Average mapped length |	39.50
                       Number of splices: Total |	279605
            Number of splices: Annotated (sjdb) |	278031
                       Number of splices: GT/AG |	276861
                       Number of splices: GC/AG |	2135
                       Number of splices: AT/AC |	291
               Number of splices: Non-canonical |	318
                      Mismatch rate per base, % |	0.15%
                         Deletion rate per base |	0.00%
                        Deletion average length |	1.42
                        Insertion rate per base |	0.00%
                       Insertion average length |	1.18
                             MULTI-MAPPING READS:
        Number of reads mapped to multiple loci |	518052
             % of reads mapped to multiple loci |	16.44%
        Number of reads mapped to too many loci |	24560
             % of reads mapped to too many loci |	0.78%
                                  UNMAPPED READS:
  Number of reads unmapped: too many mismatches |	0
       % of reads unmapped: too many mismatches |	0.00%
            Number of reads unmapped: too short |	3916
                 % of reads unmapped: too short |	0.12%
                Number of reads unmapped: other |	12045
                     % of reads unmapped: other |	0.38%
                                  CHIMERIC READS:
                       Number of chimeric reads |	0
                            % of chimeric reads |	0.00%
