                                 Started job on |	Oct 29 02:51:17
                             Started mapping on |	Oct 29 02:52:34
                                    Finished on |	Oct 29 02:52:51
       Mapping speed, Million of reads per hour |	519.31

                          Number of input reads |	2452300
                      Average input read length |	39
                                    UNIQUE READS:
                   Uniquely mapped reads number |	2006126
                        Uniquely mapped reads % |	81.81%
                          Average mapped length |	39.49
                       Number of splices: Total |	222932
            Number of splices: Annotated (sjdb) |	221800
                       Number of splices: GT/AG |	220781
                       Number of splices: GC/AG |	1685
                       Number of splices: AT/AC |	257
               Number of splices: Non-canonical |	209
                      Mismatch rate per base, % |	0.16%
                         Deletion rate per base |	0.00%
                        Deletion average length |	1.41
                        Insertion rate per base |	0.00%
                       Insertion average length |	1.17
                             MULTI-MAPPING READS:
        Number of reads mapped to multiple loci |	415308
             % of reads mapped to multiple loci |	16.94%
        Number of reads mapped to too many loci |	18953
             % of reads mapped to too many loci |	0.77%
                                  UNMAPPED READS:
  Number of reads unmapped: too many mismatches |	0
       % of reads unmapped: too many mismatches |	0.00%
            Number of reads unmapped: too short |	3022
                 % of reads unmapped: too short |	0.12%
                Number of reads unmapped: other |	8891
                     % of reads unmapped: other |	0.36%
                                  CHIMERIC READS:
                       Number of chimeric reads |	0
                            % of chimeric reads |	0.00%
