                                 Started job on |	Oct 29 03:09:50
                             Started mapping on |	Oct 29 03:10:33
                                    Finished on |	Oct 29 03:10:50
       Mapping speed, Million of reads per hour |	475.71

                          Number of input reads |	2246408
                      Average input read length |	39
                                    UNIQUE READS:
                   Uniquely mapped reads number |	1878383
                        Uniquely mapped reads % |	83.62%
                          Average mapped length |	39.41
                       Number of splices: Total |	189678
            Number of splices: Annotated (sjdb) |	188599
                       Number of splices: GT/AG |	187702
                       Number of splices: GC/AG |	1595
                       Number of splices: AT/AC |	186
               Number of splices: Non-canonical |	195
                      Mismatch rate per base, % |	0.20%
                         Deletion rate per base |	0.00%
                        Deletion average length |	1.40
                        Insertion rate per base |	0.00%
                       Insertion average length |	1.20
                             MULTI-MAPPING READS:
        Number of reads mapped to multiple loci |	338330
             % of reads mapped to multiple loci |	15.06%
        Number of reads mapped to too many loci |	16643
             % of reads mapped to too many loci |	0.74%
                                  UNMAPPED READS:
  Number of reads unmapped: too many mismatches |	0
       % of reads unmapped: too many mismatches |	0.00%
            Number of reads unmapped: too short |	3596
                 % of reads unmapped: too short |	0.16%
                Number of reads unmapped: other |	9456
                     % of reads unmapped: other |	0.42%
                                  CHIMERIC READS:
                       Number of chimeric reads |	0
                            % of chimeric reads |	0.00%
