                                 Started job on |	Oct 27 19:00:38
                             Started mapping on |	Oct 27 19:01:18
                                    Finished on |	Oct 27 19:01:35
       Mapping speed, Million of reads per hour |	395.37

                          Number of input reads |	1867042
                      Average input read length |	39
                                    UNIQUE READS:
                   Uniquely mapped reads number |	1464575
                        Uniquely mapped reads % |	78.44%
                          Average mapped length |	39.42
                       Number of splices: Total |	135735
            Number of splices: Annotated (sjdb) |	134945
                       Number of splices: GT/AG |	134405
                       Number of splices: GC/AG |	1036
                       Number of splices: AT/AC |	140
               Number of splices: Non-canonical |	154
                      Mismatch rate per base, % |	0.20%
                         Deletion rate per base |	0.00%
                        Deletion average length |	1.38
                        Insertion rate per base |	0.00%
                       Insertion average length |	1.17
                             MULTI-MAPPING READS:
        Number of reads mapped to multiple loci |	373324
             % of reads mapped to multiple loci |	20.00%
        Number of reads mapped to too many loci |	18692
             % of reads mapped to too many loci |	1.00%
                                  UNMAPPED READS:
  Number of reads unmapped: too many mismatches |	0
       % of reads unmapped: too many mismatches |	0.00%
            Number of reads unmapped: too short |	2903
                 % of reads unmapped: too short |	0.16%
                Number of reads unmapped: other |	7548
                     % of reads unmapped: other |	0.40%
                                  CHIMERIC READS:
                       Number of chimeric reads |	0
                            % of chimeric reads |	0.00%
