                                 Started job on |	Oct 27 18:17:34
                             Started mapping on |	Oct 27 18:19:42
                                    Finished on |	Oct 27 18:20:08
       Mapping speed, Million of reads per hour |	321.39

                          Number of input reads |	2321124
                      Average input read length |	39
                                    UNIQUE READS:
                   Uniquely mapped reads number |	1866273
                        Uniquely mapped reads % |	80.40%
                          Average mapped length |	39.41
                       Number of splices: Total |	189464
            Number of splices: Annotated (sjdb) |	188477
                       Number of splices: GT/AG |	187612
                       Number of splices: GC/AG |	1418
                       Number of splices: AT/AC |	202
               Number of splices: Non-canonical |	232
                      Mismatch rate per base, % |	0.17%
                         Deletion rate per base |	0.00%
                        Deletion average length |	1.38
                        Insertion rate per base |	0.00%
                       Insertion average length |	1.15
                             MULTI-MAPPING READS:
        Number of reads mapped to multiple loci |	422365
             % of reads mapped to multiple loci |	18.20%
        Number of reads mapped to too many loci |	19635
             % of reads mapped to too many loci |	0.85%
                                  UNMAPPED READS:
  Number of reads unmapped: too many mismatches |	0
       % of reads unmapped: too many mismatches |	0.00%
            Number of reads unmapped: too short |	3524
                 % of reads unmapped: too short |	0.15%
                Number of reads unmapped: other |	9327
                     % of reads unmapped: other |	0.40%
                                  CHIMERIC READS:
                       Number of chimeric reads |	0
                            % of chimeric reads |	0.00%
