                                 Started job on |	Oct 27 18:59:51
                             Started mapping on |	Oct 27 19:00:24
                                    Finished on |	Oct 27 19:00:35
       Mapping speed, Million of reads per hour |	619.26

                          Number of input reads |	1892175
                      Average input read length |	39
                                    UNIQUE READS:
                   Uniquely mapped reads number |	1425106
                        Uniquely mapped reads % |	75.32%
                          Average mapped length |	39.41
                       Number of splices: Total |	125275
            Number of splices: Annotated (sjdb) |	124631
                       Number of splices: GT/AG |	124120
                       Number of splices: GC/AG |	906
                       Number of splices: AT/AC |	110
               Number of splices: Non-canonical |	139
                      Mismatch rate per base, % |	0.14%
                         Deletion rate per base |	0.00%
                        Deletion average length |	1.34
                        Insertion rate per base |	0.00%
                       Insertion average length |	1.19
                             MULTI-MAPPING READS:
        Number of reads mapped to multiple loci |	436648
             % of reads mapped to multiple loci |	23.08%
        Number of reads mapped to too many loci |	22094
             % of reads mapped to too many loci |	1.17%
                                  UNMAPPED READS:
  Number of reads unmapped: too many mismatches |	0
       % of reads unmapped: too many mismatches |	0.00%
            Number of reads unmapped: too short |	2157
                 % of reads unmapped: too short |	0.11%
                Number of reads unmapped: other |	6170
                     % of reads unmapped: other |	0.33%
                                  CHIMERIC READS:
                       Number of chimeric reads |	0
                            % of chimeric reads |	0.00%
