                                 Started job on |	Oct 27 18:52:24
                             Started mapping on |	Oct 27 18:53:17
                                    Finished on |	Oct 27 18:53:29
       Mapping speed, Million of reads per hour |	624.69

                          Number of input reads |	2082302
                      Average input read length |	39
                                    UNIQUE READS:
                   Uniquely mapped reads number |	1707288
                        Uniquely mapped reads % |	81.99%
                          Average mapped length |	39.46
                       Number of splices: Total |	175052
            Number of splices: Annotated (sjdb) |	174154
                       Number of splices: GT/AG |	173279
                       Number of splices: GC/AG |	1441
                       Number of splices: AT/AC |	177
               Number of splices: Non-canonical |	155
                      Mismatch rate per base, % |	0.13%
                         Deletion rate per base |	0.00%
                        Deletion average length |	1.42
                        Insertion rate per base |	0.00%
                       Insertion average length |	1.18
                             MULTI-MAPPING READS:
        Number of reads mapped to multiple loci |	348604
             % of reads mapped to multiple loci |	16.74%
        Number of reads mapped to too many loci |	16143
             % of reads mapped to too many loci |	0.78%
                                  UNMAPPED READS:
  Number of reads unmapped: too many mismatches |	0
       % of reads unmapped: too many mismatches |	0.00%
            Number of reads unmapped: too short |	1819
                 % of reads unmapped: too short |	0.09%
                Number of reads unmapped: other |	8448
                     % of reads unmapped: other |	0.41%
                                  CHIMERIC READS:
                       Number of chimeric reads |	0
                            % of chimeric reads |	0.00%
