                                 Started job on |	Oct 27 17:55:00
                             Started mapping on |	Oct 27 17:55:35
                                    Finished on |	Oct 27 17:56:00
       Mapping speed, Million of reads per hour |	446.55

                          Number of input reads |	3101026
                      Average input read length |	39
                                    UNIQUE READS:
                   Uniquely mapped reads number |	2549339
                        Uniquely mapped reads % |	82.21%
                          Average mapped length |	39.46
                       Number of splices: Total |	261309
            Number of splices: Annotated (sjdb) |	259846
                       Number of splices: GT/AG |	258553
                       Number of splices: GC/AG |	2169
                       Number of splices: AT/AC |	273
               Number of splices: Non-canonical |	314
                      Mismatch rate per base, % |	0.13%
                         Deletion rate per base |	0.00%
                        Deletion average length |	1.40
                        Insertion rate per base |	0.00%
                       Insertion average length |	1.18
                             MULTI-MAPPING READS:
        Number of reads mapped to multiple loci |	511776
             % of reads mapped to multiple loci |	16.50%
        Number of reads mapped to too many loci |	24146
             % of reads mapped to too many loci |	0.78%
                                  UNMAPPED READS:
  Number of reads unmapped: too many mismatches |	0
       % of reads unmapped: too many mismatches |	0.00%
            Number of reads unmapped: too short |	2834
                 % of reads unmapped: too short |	0.09%
                Number of reads unmapped: other |	12931
                     % of reads unmapped: other |	0.42%
                                  CHIMERIC READS:
                       Number of chimeric reads |	0
                            % of chimeric reads |	0.00%
