                                 Started job on |	Oct 27 18:02:21
                             Started mapping on |	Oct 27 18:03:16
                                    Finished on |	Oct 27 18:03:34
       Mapping speed, Million of reads per hour |	505.10

                          Number of input reads |	2525518
                      Average input read length |	39
                                    UNIQUE READS:
                   Uniquely mapped reads number |	1905222
                        Uniquely mapped reads % |	75.44%
                          Average mapped length |	39.41
                       Number of splices: Total |	186154
            Number of splices: Annotated (sjdb) |	185288
                       Number of splices: GT/AG |	184328
                       Number of splices: GC/AG |	1480
                       Number of splices: AT/AC |	165
               Number of splices: Non-canonical |	181
                      Mismatch rate per base, % |	0.17%
                         Deletion rate per base |	0.00%
                        Deletion average length |	1.33
                        Insertion rate per base |	0.00%
                       Insertion average length |	1.14
                             MULTI-MAPPING READS:
        Number of reads mapped to multiple loci |	582881
             % of reads mapped to multiple loci |	23.08%
        Number of reads mapped to too many loci |	27114
             % of reads mapped to too many loci |	1.07%
                                  UNMAPPED READS:
  Number of reads unmapped: too many mismatches |	0
       % of reads unmapped: too many mismatches |	0.00%
            Number of reads unmapped: too short |	2962
                 % of reads unmapped: too short |	0.12%
                Number of reads unmapped: other |	7339
                     % of reads unmapped: other |	0.29%
                                  CHIMERIC READS:
                       Number of chimeric reads |	0
                            % of chimeric reads |	0.00%
