                                 Started job on |	Oct 27 18:54:57
                             Started mapping on |	Oct 27 18:56:27
                                    Finished on |	Oct 27 18:56:44
       Mapping speed, Million of reads per hour |	395.55

                          Number of input reads |	1867865
                      Average input read length |	39
                                    UNIQUE READS:
                   Uniquely mapped reads number |	1405400
                        Uniquely mapped reads % |	75.24%
                          Average mapped length |	39.39
                       Number of splices: Total |	121801
            Number of splices: Annotated (sjdb) |	121182
                       Number of splices: GT/AG |	120718
                       Number of splices: GC/AG |	845
                       Number of splices: AT/AC |	112
               Number of splices: Non-canonical |	126
                      Mismatch rate per base, % |	0.20%
                         Deletion rate per base |	0.00%
                        Deletion average length |	1.32
                        Insertion rate per base |	0.00%
                       Insertion average length |	1.19
                             MULTI-MAPPING READS:
        Number of reads mapped to multiple loci |	431652
             % of reads mapped to multiple loci |	23.11%
        Number of reads mapped to too many loci |	21516
             % of reads mapped to too many loci |	1.15%
                                  UNMAPPED READS:
  Number of reads unmapped: too many mismatches |	0
       % of reads unmapped: too many mismatches |	0.00%
            Number of reads unmapped: too short |	3309
                 % of reads unmapped: too short |	0.18%
                Number of reads unmapped: other |	5988
                     % of reads unmapped: other |	0.32%
                                  CHIMERIC READS:
                       Number of chimeric reads |	0
                            % of chimeric reads |	0.00%
