                                 Started job on |	Oct 29 03:26:06
                             Started mapping on |	Oct 29 03:26:52
                                    Finished on |	Oct 29 03:27:10
       Mapping speed, Million of reads per hour |	433.72

                          Number of input reads |	2168584
                      Average input read length |	39
                                    UNIQUE READS:
                   Uniquely mapped reads number |	1701141
                        Uniquely mapped reads % |	78.44%
                          Average mapped length |	39.48
                       Number of splices: Total |	198693
            Number of splices: Annotated (sjdb) |	197795
                       Number of splices: GT/AG |	196852
                       Number of splices: GC/AG |	1437
                       Number of splices: AT/AC |	216
               Number of splices: Non-canonical |	188
                      Mismatch rate per base, % |	0.12%
                         Deletion rate per base |	0.00%
                        Deletion average length |	1.41
                        Insertion rate per base |	0.00%
                       Insertion average length |	1.18
                             MULTI-MAPPING READS:
        Number of reads mapped to multiple loci |	440242
             % of reads mapped to multiple loci |	20.30%
        Number of reads mapped to too many loci |	19341
             % of reads mapped to too many loci |	0.89%
                                  UNMAPPED READS:
  Number of reads unmapped: too many mismatches |	0
       % of reads unmapped: too many mismatches |	0.00%
            Number of reads unmapped: too short |	2672
                 % of reads unmapped: too short |	0.12%
                Number of reads unmapped: other |	5188
                     % of reads unmapped: other |	0.24%
                                  CHIMERIC READS:
                       Number of chimeric reads |	0
                            % of chimeric reads |	0.00%
