                                 Started job on |	Oct 27 19:09:52
                             Started mapping on |	Oct 27 19:10:32
                                    Finished on |	Oct 27 19:10:47
       Mapping speed, Million of reads per hour |	441.87

                          Number of input reads |	1841121
                      Average input read length |	39
                                    UNIQUE READS:
                   Uniquely mapped reads number |	1445529
                        Uniquely mapped reads % |	78.51%
                          Average mapped length |	39.45
                       Number of splices: Total |	135057
            Number of splices: Annotated (sjdb) |	134269
                       Number of splices: GT/AG |	133750
                       Number of splices: GC/AG |	1026
                       Number of splices: AT/AC |	124
               Number of splices: Non-canonical |	157
                      Mismatch rate per base, % |	0.14%
                         Deletion rate per base |	0.00%
                        Deletion average length |	1.38
                        Insertion rate per base |	0.00%
                       Insertion average length |	1.19
                             MULTI-MAPPING READS:
        Number of reads mapped to multiple loci |	368046
             % of reads mapped to multiple loci |	19.99%
        Number of reads mapped to too many loci |	18240
             % of reads mapped to too many loci |	0.99%
                                  UNMAPPED READS:
  Number of reads unmapped: too many mismatches |	0
       % of reads unmapped: too many mismatches |	0.00%
            Number of reads unmapped: too short |	1826
                 % of reads unmapped: too short |	0.10%
                Number of reads unmapped: other |	7480
                     % of reads unmapped: other |	0.41%
                                  CHIMERIC READS:
                       Number of chimeric reads |	0
                            % of chimeric reads |	0.00%
