                                 Started job on |	Oct 29 03:36:13
                             Started mapping on |	Oct 29 03:37:59
                                    Finished on |	Oct 29 03:38:14
       Mapping speed, Million of reads per hour |	447.06

                          Number of input reads |	1862757
                      Average input read length |	39
                                    UNIQUE READS:
                   Uniquely mapped reads number |	1402503
                        Uniquely mapped reads % |	75.29%
                          Average mapped length |	39.38
                       Number of splices: Total |	122381
            Number of splices: Annotated (sjdb) |	121798
                       Number of splices: GT/AG |	121268
                       Number of splices: GC/AG |	878
                       Number of splices: AT/AC |	90
               Number of splices: Non-canonical |	145
                      Mismatch rate per base, % |	0.17%
                         Deletion rate per base |	0.00%
                        Deletion average length |	1.33
                        Insertion rate per base |	0.00%
                       Insertion average length |	1.18
                             MULTI-MAPPING READS:
        Number of reads mapped to multiple loci |	430349
             % of reads mapped to multiple loci |	23.10%
        Number of reads mapped to too many loci |	21494
             % of reads mapped to too many loci |	1.15%
                                  UNMAPPED READS:
  Number of reads unmapped: too many mismatches |	0
       % of reads unmapped: too many mismatches |	0.00%
            Number of reads unmapped: too short |	2337
                 % of reads unmapped: too short |	0.13%
                Number of reads unmapped: other |	6074
                     % of reads unmapped: other |	0.33%
                                  CHIMERIC READS:
                       Number of chimeric reads |	0
                            % of chimeric reads |	0.00%
