                                 Started job on |	Oct 29 03:56:20
                             Started mapping on |	Oct 29 03:57:06
                                    Finished on |	Oct 29 03:57:23
       Mapping speed, Million of reads per hour |	402.67

                          Number of input reads |	1901510
                      Average input read length |	39
                                    UNIQUE READS:
                   Uniquely mapped reads number |	1585031
                        Uniquely mapped reads % |	83.36%
                          Average mapped length |	39.50
                       Number of splices: Total |	165610
            Number of splices: Annotated (sjdb) |	164611
                       Number of splices: GT/AG |	163991
                       Number of splices: GC/AG |	1289
                       Number of splices: AT/AC |	166
               Number of splices: Non-canonical |	164
                      Mismatch rate per base, % |	0.14%
                         Deletion rate per base |	0.00%
                        Deletion average length |	1.40
                        Insertion rate per base |	0.00%
                       Insertion average length |	1.17
                             MULTI-MAPPING READS:
        Number of reads mapped to multiple loci |	291462
             % of reads mapped to multiple loci |	15.33%
        Number of reads mapped to too many loci |	14735
             % of reads mapped to too many loci |	0.77%
                                  UNMAPPED READS:
  Number of reads unmapped: too many mismatches |	0
       % of reads unmapped: too many mismatches |	0.00%
            Number of reads unmapped: too short |	2369
                 % of reads unmapped: too short |	0.12%
                Number of reads unmapped: other |	7913
                     % of reads unmapped: other |	0.42%
                                  CHIMERIC READS:
                       Number of chimeric reads |	0
                            % of chimeric reads |	0.00%
