                                 Started job on |	Oct 29 02:28:11
                             Started mapping on |	Oct 29 02:29:20
                                    Finished on |	Oct 29 02:29:41
       Mapping speed, Million of reads per hour |	437.13

                          Number of input reads |	2549934
                      Average input read length |	39
                                    UNIQUE READS:
                   Uniquely mapped reads number |	1923116
                        Uniquely mapped reads % |	75.42%
                          Average mapped length |	39.40
                       Number of splices: Total |	186909
            Number of splices: Annotated (sjdb) |	186018
                       Number of splices: GT/AG |	185090
                       Number of splices: GC/AG |	1423
                       Number of splices: AT/AC |	199
               Number of splices: Non-canonical |	197
                      Mismatch rate per base, % |	0.20%
                         Deletion rate per base |	0.00%
                        Deletion average length |	1.34
                        Insertion rate per base |	0.00%
                       Insertion average length |	1.17
                             MULTI-MAPPING READS:
        Number of reads mapped to multiple loci |	588553
             % of reads mapped to multiple loci |	23.08%
        Number of reads mapped to too many loci |	26823
             % of reads mapped to too many loci |	1.05%
                                  UNMAPPED READS:
  Number of reads unmapped: too many mismatches |	0
       % of reads unmapped: too many mismatches |	0.00%
            Number of reads unmapped: too short |	4134
                 % of reads unmapped: too short |	0.16%
                Number of reads unmapped: other |	7308
                     % of reads unmapped: other |	0.29%
                                  CHIMERIC READS:
                       Number of chimeric reads |	0
                            % of chimeric reads |	0.00%
