                                 Started job on |	Oct 29 02:52:56
                             Started mapping on |	Oct 29 02:54:23
                                    Finished on |	Oct 29 02:54:44
       Mapping speed, Million of reads per hour |	408.95

                          Number of input reads |	2385557
                      Average input read length |	39
                                    UNIQUE READS:
                   Uniquely mapped reads number |	1918413
                        Uniquely mapped reads % |	80.42%
                          Average mapped length |	39.43
                       Number of splices: Total |	195467
            Number of splices: Annotated (sjdb) |	194460
                       Number of splices: GT/AG |	193533
                       Number of splices: GC/AG |	1512
                       Number of splices: AT/AC |	196
               Number of splices: Non-canonical |	226
                      Mismatch rate per base, % |	0.14%
                         Deletion rate per base |	0.00%
                        Deletion average length |	1.38
                        Insertion rate per base |	0.00%
                       Insertion average length |	1.17
                             MULTI-MAPPING READS:
        Number of reads mapped to multiple loci |	434590
             % of reads mapped to multiple loci |	18.22%
        Number of reads mapped to too many loci |	20248
             % of reads mapped to too many loci |	0.85%
                                  UNMAPPED READS:
  Number of reads unmapped: too many mismatches |	0
       % of reads unmapped: too many mismatches |	0.00%
            Number of reads unmapped: too short |	2707
                 % of reads unmapped: too short |	0.11%
                Number of reads unmapped: other |	9599
                     % of reads unmapped: other |	0.40%
                                  CHIMERIC READS:
                       Number of chimeric reads |	0
                            % of chimeric reads |	0.00%
