                                 Started job on |	Oct 27 17:56:04
                             Started mapping on |	Oct 27 17:56:42
                                    Finished on |	Oct 27 17:57:08
       Mapping speed, Million of reads per hour |	416.79

                          Number of input reads |	3010121
                      Average input read length |	39
                                    UNIQUE READS:
                   Uniquely mapped reads number |	2472922
                        Uniquely mapped reads % |	82.15%
                          Average mapped length |	39.42
                       Number of splices: Total |	253268
            Number of splices: Annotated (sjdb) |	251777
                       Number of splices: GT/AG |	250649
                       Number of splices: GC/AG |	2086
                       Number of splices: AT/AC |	250
               Number of splices: Non-canonical |	283
                      Mismatch rate per base, % |	0.15%
                         Deletion rate per base |	0.00%
                        Deletion average length |	1.39
                        Insertion rate per base |	0.00%
                       Insertion average length |	1.20
                             MULTI-MAPPING READS:
        Number of reads mapped to multiple loci |	498366
             % of reads mapped to multiple loci |	16.56%
        Number of reads mapped to too many loci |	23575
             % of reads mapped to too many loci |	0.78%
                                  UNMAPPED READS:
  Number of reads unmapped: too many mismatches |	0
       % of reads unmapped: too many mismatches |	0.00%
            Number of reads unmapped: too short |	2855
                 % of reads unmapped: too short |	0.09%
                Number of reads unmapped: other |	12403
                     % of reads unmapped: other |	0.41%
                                  CHIMERIC READS:
                       Number of chimeric reads |	0
                            % of chimeric reads |	0.00%
