                                 Started job on |	Oct 27 19:12:37
                             Started mapping on |	Oct 27 19:13:14
                                    Finished on |	Oct 27 19:13:29
       Mapping speed, Million of reads per hour |	409.84

                          Number of input reads |	1707659
                      Average input read length |	39
                                    UNIQUE READS:
                   Uniquely mapped reads number |	1392295
                        Uniquely mapped reads % |	81.53%
                          Average mapped length |	39.44
                       Number of splices: Total |	142380
            Number of splices: Annotated (sjdb) |	141692
                       Number of splices: GT/AG |	140884
                       Number of splices: GC/AG |	1189
                       Number of splices: AT/AC |	156
               Number of splices: Non-canonical |	151
                      Mismatch rate per base, % |	0.19%
                         Deletion rate per base |	0.00%
                        Deletion average length |	1.45
                        Insertion rate per base |	0.00%
                       Insertion average length |	1.18
                             MULTI-MAPPING READS:
        Number of reads mapped to multiple loci |	293199
             % of reads mapped to multiple loci |	17.17%
        Number of reads mapped to too many loci |	13431
             % of reads mapped to too many loci |	0.79%
                                  UNMAPPED READS:
  Number of reads unmapped: too many mismatches |	0
       % of reads unmapped: too many mismatches |	0.00%
            Number of reads unmapped: too short |	2545
                 % of reads unmapped: too short |	0.15%
                Number of reads unmapped: other |	6189
                     % of reads unmapped: other |	0.36%
                                  CHIMERIC READS:
                       Number of chimeric reads |	0
                            % of chimeric reads |	0.00%
