                                 Started job on |	Oct 29 03:59:51
                             Started mapping on |	Oct 29 04:00:42
                                    Finished on |	Oct 29 04:01:05
       Mapping speed, Million of reads per hour |	292.11

                          Number of input reads |	1866290
                      Average input read length |	39
                                    UNIQUE READS:
                   Uniquely mapped reads number |	1554752
                        Uniquely mapped reads % |	83.31%
                          Average mapped length |	39.50
                       Number of splices: Total |	163352
            Number of splices: Annotated (sjdb) |	162380
                       Number of splices: GT/AG |	161670
                       Number of splices: GC/AG |	1336
                       Number of splices: AT/AC |	193
               Number of splices: Non-canonical |	153
                      Mismatch rate per base, % |	0.17%
                         Deletion rate per base |	0.00%
                        Deletion average length |	1.41
                        Insertion rate per base |	0.00%
                       Insertion average length |	1.14
                             MULTI-MAPPING READS:
        Number of reads mapped to multiple loci |	287199
             % of reads mapped to multiple loci |	15.39%
        Number of reads mapped to too many loci |	14347
             % of reads mapped to too many loci |	0.77%
                                  UNMAPPED READS:
  Number of reads unmapped: too many mismatches |	0
       % of reads unmapped: too many mismatches |	0.00%
            Number of reads unmapped: too short |	2467
                 % of reads unmapped: too short |	0.13%
                Number of reads unmapped: other |	7525
                     % of reads unmapped: other |	0.40%
                                  CHIMERIC READS:
                       Number of chimeric reads |	0
                            % of chimeric reads |	0.00%
