                                 Started job on |	Oct 29 02:16:18
                             Started mapping on |	Oct 29 02:17:02
                                    Finished on |	Oct 29 02:17:25
       Mapping speed, Million of reads per hour |	487.21

                          Number of input reads |	3112713
                      Average input read length |	39
                                    UNIQUE READS:
                   Uniquely mapped reads number |	2562128
                        Uniquely mapped reads % |	82.31%
                          Average mapped length |	39.51
                       Number of splices: Total |	274250
            Number of splices: Annotated (sjdb) |	272702
                       Number of splices: GT/AG |	271467
                       Number of splices: GC/AG |	2246
                       Number of splices: AT/AC |	274
               Number of splices: Non-canonical |	263
                      Mismatch rate per base, % |	0.18%
                         Deletion rate per base |	0.00%
                        Deletion average length |	1.41
                        Insertion rate per base |	0.00%
                       Insertion average length |	1.16
                             MULTI-MAPPING READS:
        Number of reads mapped to multiple loci |	511551
             % of reads mapped to multiple loci |	16.43%
        Number of reads mapped to too many loci |	23692
             % of reads mapped to too many loci |	0.76%
                                  UNMAPPED READS:
  Number of reads unmapped: too many mismatches |	0
       % of reads unmapped: too many mismatches |	0.00%
            Number of reads unmapped: too short |	3706
                 % of reads unmapped: too short |	0.12%
                Number of reads unmapped: other |	11636
                     % of reads unmapped: other |	0.37%
                                  CHIMERIC READS:
                       Number of chimeric reads |	0
                            % of chimeric reads |	0.00%
