                                 Started job on |	Oct 27 18:56:48
                             Started mapping on |	Oct 27 18:57:44
                                    Finished on |	Oct 27 18:57:55
       Mapping speed, Million of reads per hour |	620.44

                          Number of input reads |	1895797
                      Average input read length |	39
                                    UNIQUE READS:
                   Uniquely mapped reads number |	1426888
                        Uniquely mapped reads % |	75.27%
                          Average mapped length |	39.37
                       Number of splices: Total |	125181
            Number of splices: Annotated (sjdb) |	124538
                       Number of splices: GT/AG |	124072
                       Number of splices: GC/AG |	869
                       Number of splices: AT/AC |	112
               Number of splices: Non-canonical |	128
                      Mismatch rate per base, % |	0.16%
                         Deletion rate per base |	0.00%
                        Deletion average length |	1.34
                        Insertion rate per base |	0.00%
                       Insertion average length |	1.18
                             MULTI-MAPPING READS:
        Number of reads mapped to multiple loci |	438321
             % of reads mapped to multiple loci |	23.12%
        Number of reads mapped to too many loci |	22102
             % of reads mapped to too many loci |	1.17%
                                  UNMAPPED READS:
  Number of reads unmapped: too many mismatches |	0
       % of reads unmapped: too many mismatches |	0.00%
            Number of reads unmapped: too short |	2334
                 % of reads unmapped: too short |	0.12%
                Number of reads unmapped: other |	6152
                     % of reads unmapped: other |	0.32%
                                  CHIMERIC READS:
                       Number of chimeric reads |	0
                            % of chimeric reads |	0.00%
