                                 Started job on |	Oct 29 02:54:50
                             Started mapping on |	Oct 29 02:56:09
                                    Finished on |	Oct 29 02:56:27
       Mapping speed, Million of reads per hour |	485.00

                          Number of input reads |	2425011
                      Average input read length |	39
                                    UNIQUE READS:
                   Uniquely mapped reads number |	1984792
                        Uniquely mapped reads % |	81.85%
                          Average mapped length |	39.49
                       Number of splices: Total |	219425
            Number of splices: Annotated (sjdb) |	218317
                       Number of splices: GT/AG |	217286
                       Number of splices: GC/AG |	1707
                       Number of splices: AT/AC |	240
               Number of splices: Non-canonical |	192
                      Mismatch rate per base, % |	0.18%
                         Deletion rate per base |	0.00%
                        Deletion average length |	1.44
                        Insertion rate per base |	0.00%
                       Insertion average length |	1.18
                             MULTI-MAPPING READS:
        Number of reads mapped to multiple loci |	409773
             % of reads mapped to multiple loci |	16.90%
        Number of reads mapped to too many loci |	18751
             % of reads mapped to too many loci |	0.77%
                                  UNMAPPED READS:
  Number of reads unmapped: too many mismatches |	0
       % of reads unmapped: too many mismatches |	0.00%
            Number of reads unmapped: too short |	2966
                 % of reads unmapped: too short |	0.12%
                Number of reads unmapped: other |	8729
                     % of reads unmapped: other |	0.36%
                                  CHIMERIC READS:
                       Number of chimeric reads |	0
                            % of chimeric reads |	0.00%
