                                 Started job on |	Oct 29 03:27:14
                             Started mapping on |	Oct 29 03:27:56
                                    Finished on |	Oct 29 03:28:19
       Mapping speed, Million of reads per hour |	335.67

                          Number of input reads |	2144533
                      Average input read length |	39
                                    UNIQUE READS:
                   Uniquely mapped reads number |	1682253
                        Uniquely mapped reads % |	78.44%
                          Average mapped length |	39.49
                       Number of splices: Total |	196725
            Number of splices: Annotated (sjdb) |	195806
                       Number of splices: GT/AG |	194827
                       Number of splices: GC/AG |	1477
                       Number of splices: AT/AC |	222
               Number of splices: Non-canonical |	199
                      Mismatch rate per base, % |	0.18%
                         Deletion rate per base |	0.00%
                        Deletion average length |	1.39
                        Insertion rate per base |	0.00%
                       Insertion average length |	1.15
                             MULTI-MAPPING READS:
        Number of reads mapped to multiple loci |	434487
             % of reads mapped to multiple loci |	20.26%
        Number of reads mapped to too many loci |	19504
             % of reads mapped to too many loci |	0.91%
                                  UNMAPPED READS:
  Number of reads unmapped: too many mismatches |	0
       % of reads unmapped: too many mismatches |	0.00%
            Number of reads unmapped: too short |	3199
                 % of reads unmapped: too short |	0.15%
                Number of reads unmapped: other |	5090
                     % of reads unmapped: other |	0.24%
                                  CHIMERIC READS:
                       Number of chimeric reads |	0
                            % of chimeric reads |	0.00%
