                                 Started job on |	Oct 27 18:41:55
                             Started mapping on |	Oct 27 18:42:41
                                    Finished on |	Oct 27 18:42:55
       Mapping speed, Million of reads per hour |	576.98

                          Number of input reads |	2243806
                      Average input read length |	39
                                    UNIQUE READS:
                   Uniquely mapped reads number |	1875905
                        Uniquely mapped reads % |	83.60%
                          Average mapped length |	39.40
                       Number of splices: Total |	190740
            Number of splices: Annotated (sjdb) |	189666
                       Number of splices: GT/AG |	188664
                       Number of splices: GC/AG |	1640
                       Number of splices: AT/AC |	206
               Number of splices: Non-canonical |	230
                      Mismatch rate per base, % |	0.16%
                         Deletion rate per base |	0.00%
                        Deletion average length |	1.38
                        Insertion rate per base |	0.00%
                       Insertion average length |	1.21
                             MULTI-MAPPING READS:
        Number of reads mapped to multiple loci |	338660
             % of reads mapped to multiple loci |	15.09%
        Number of reads mapped to too many loci |	16963
             % of reads mapped to too many loci |	0.76%
                                  UNMAPPED READS:
  Number of reads unmapped: too many mismatches |	0
       % of reads unmapped: too many mismatches |	0.00%
            Number of reads unmapped: too short |	2498
                 % of reads unmapped: too short |	0.11%
                Number of reads unmapped: other |	9780
                     % of reads unmapped: other |	0.44%
                                  CHIMERIC READS:
                       Number of chimeric reads |	0
                            % of chimeric reads |	0.00%
