                                 Started job on |	Oct 29 02:25:38
                             Started mapping on |	Oct 29 02:26:27
                                    Finished on |	Oct 29 02:26:50
       Mapping speed, Million of reads per hour |	450.19

                          Number of input reads |	2876193
                      Average input read length |	39
                                    UNIQUE READS:
                   Uniquely mapped reads number |	2367318
                        Uniquely mapped reads % |	82.31%
                          Average mapped length |	39.52
                       Number of splices: Total |	256359
            Number of splices: Annotated (sjdb) |	254858
                       Number of splices: GT/AG |	253863
                       Number of splices: GC/AG |	1944
                       Number of splices: AT/AC |	290
               Number of splices: Non-canonical |	262
                      Mismatch rate per base, % |	0.13%
                         Deletion rate per base |	0.00%
                        Deletion average length |	1.42
                        Insertion rate per base |	0.00%
                       Insertion average length |	1.18
                             MULTI-MAPPING READS:
        Number of reads mapped to multiple loci |	472995
             % of reads mapped to multiple loci |	16.45%
        Number of reads mapped to too many loci |	22028
             % of reads mapped to too many loci |	0.77%
                                  UNMAPPED READS:
  Number of reads unmapped: too many mismatches |	0
       % of reads unmapped: too many mismatches |	0.00%
            Number of reads unmapped: too short |	2862
                 % of reads unmapped: too short |	0.10%
                Number of reads unmapped: other |	10990
                     % of reads unmapped: other |	0.38%
                                  CHIMERIC READS:
                       Number of chimeric reads |	0
                            % of chimeric reads |	0.00%
