                                 Started job on |	Oct 29 03:53:05
                             Started mapping on |	Oct 29 03:53:56
                                    Finished on |	Oct 29 03:54:12
       Mapping speed, Million of reads per hour |	411.82

                          Number of input reads |	1830325
                      Average input read length |	39
                                    UNIQUE READS:
                   Uniquely mapped reads number |	1378715
                        Uniquely mapped reads % |	75.33%
                          Average mapped length |	39.41
                       Number of splices: Total |	120688
            Number of splices: Annotated (sjdb) |	120093
                       Number of splices: GT/AG |	119587
                       Number of splices: GC/AG |	835
                       Number of splices: AT/AC |	122
               Number of splices: Non-canonical |	144
                      Mismatch rate per base, % |	0.15%
                         Deletion rate per base |	0.00%
                        Deletion average length |	1.35
                        Insertion rate per base |	0.00%
                       Insertion average length |	1.16
                             MULTI-MAPPING READS:
        Number of reads mapped to multiple loci |	422487
             % of reads mapped to multiple loci |	23.08%
        Number of reads mapped to too many loci |	21041
             % of reads mapped to too many loci |	1.15%
                                  UNMAPPED READS:
  Number of reads unmapped: too many mismatches |	0
       % of reads unmapped: too many mismatches |	0.00%
            Number of reads unmapped: too short |	2153
                 % of reads unmapped: too short |	0.12%
                Number of reads unmapped: other |	5929
                     % of reads unmapped: other |	0.32%
                                  CHIMERIC READS:
                       Number of chimeric reads |	0
                            % of chimeric reads |	0.00%
