                                 Started job on |	Oct 29 03:58:39
                             Started mapping on |	Oct 29 03:59:30
                                    Finished on |	Oct 29 03:59:48
       Mapping speed, Million of reads per hour |	372.44

                          Number of input reads |	1862184
                      Average input read length |	39
                                    UNIQUE READS:
                   Uniquely mapped reads number |	1553100
                        Uniquely mapped reads % |	83.40%
                          Average mapped length |	39.49
                       Number of splices: Total |	160731
            Number of splices: Annotated (sjdb) |	159740
                       Number of splices: GT/AG |	159118
                       Number of splices: GC/AG |	1213
                       Number of splices: AT/AC |	216
               Number of splices: Non-canonical |	184
                      Mismatch rate per base, % |	0.18%
                         Deletion rate per base |	0.00%
                        Deletion average length |	1.40
                        Insertion rate per base |	0.00%
                       Insertion average length |	1.19
                             MULTI-MAPPING READS:
        Number of reads mapped to multiple loci |	284669
             % of reads mapped to multiple loci |	15.29%
        Number of reads mapped to too many loci |	14187
             % of reads mapped to too many loci |	0.76%
                                  UNMAPPED READS:
  Number of reads unmapped: too many mismatches |	0
       % of reads unmapped: too many mismatches |	0.00%
            Number of reads unmapped: too short |	2721
                 % of reads unmapped: too short |	0.15%
                Number of reads unmapped: other |	7507
                     % of reads unmapped: other |	0.40%
                                  CHIMERIC READS:
                       Number of chimeric reads |	0
                            % of chimeric reads |	0.00%
