                                 Started job on |	Oct 29 04:17:27
                             Started mapping on |	Oct 29 04:18:08
                                    Finished on |	Oct 29 04:18:14
       Mapping speed, Million of reads per hour |	155.89

                          Number of input reads |	259824
                      Average input read length |	39
                                    UNIQUE READS:
                   Uniquely mapped reads number |	217805
                        Uniquely mapped reads % |	83.83%
                          Average mapped length |	39.48
                       Number of splices: Total |	23227
            Number of splices: Annotated (sjdb) |	23066
                       Number of splices: GT/AG |	23012
                       Number of splices: GC/AG |	174
                       Number of splices: AT/AC |	21
               Number of splices: Non-canonical |	20
                      Mismatch rate per base, % |	0.13%
                         Deletion rate per base |	0.00%
                        Deletion average length |	1.44
                        Insertion rate per base |	0.00%
                       Insertion average length |	1.14
                             MULTI-MAPPING READS:
        Number of reads mapped to multiple loci |	38569
             % of reads mapped to multiple loci |	14.84%
        Number of reads mapped to too many loci |	1933
             % of reads mapped to too many loci |	0.74%
                                  UNMAPPED READS:
  Number of reads unmapped: too many mismatches |	0
       % of reads unmapped: too many mismatches |	0.00%
            Number of reads unmapped: too short |	375
                 % of reads unmapped: too short |	0.14%
                Number of reads unmapped: other |	1142
                     % of reads unmapped: other |	0.44%
                                  CHIMERIC READS:
                       Number of chimeric reads |	0
                            % of chimeric reads |	0.00%
