                                 Started job on |	Oct 27 19:16:15
                             Started mapping on |	Oct 27 19:17:18
                                    Finished on |	Oct 27 19:17:31
       Mapping speed, Million of reads per hour |	466.57

                          Number of input reads |	1684819
                      Average input read length |	39
                                    UNIQUE READS:
                   Uniquely mapped reads number |	1372750
                        Uniquely mapped reads % |	81.48%
                          Average mapped length |	39.44
                       Number of splices: Total |	140123
            Number of splices: Annotated (sjdb) |	139415
                       Number of splices: GT/AG |	138738
                       Number of splices: GC/AG |	1117
                       Number of splices: AT/AC |	142
               Number of splices: Non-canonical |	126
                      Mismatch rate per base, % |	0.15%
                         Deletion rate per base |	0.00%
                        Deletion average length |	1.40
                        Insertion rate per base |	0.00%
                       Insertion average length |	1.16
                             MULTI-MAPPING READS:
        Number of reads mapped to multiple loci |	290016
             % of reads mapped to multiple loci |	17.21%
        Number of reads mapped to too many loci |	13514
             % of reads mapped to too many loci |	0.80%
                                  UNMAPPED READS:
  Number of reads unmapped: too many mismatches |	0
       % of reads unmapped: too many mismatches |	0.00%
            Number of reads unmapped: too short |	2178
                 % of reads unmapped: too short |	0.13%
                Number of reads unmapped: other |	6361
                     % of reads unmapped: other |	0.38%
                                  CHIMERIC READS:
                       Number of chimeric reads |	0
                            % of chimeric reads |	0.00%
