                                 Started job on |	Oct 29 03:13:16
                             Started mapping on |	Oct 29 03:14:00
                                    Finished on |	Oct 29 03:14:17
       Mapping speed, Million of reads per hour |	479.93

                          Number of input reads |	2266338
                      Average input read length |	39
                                    UNIQUE READS:
                   Uniquely mapped reads number |	1895999
                        Uniquely mapped reads % |	83.66%
                          Average mapped length |	39.43
                       Number of splices: Total |	193928
            Number of splices: Annotated (sjdb) |	192860
                       Number of splices: GT/AG |	191898
                       Number of splices: GC/AG |	1622
                       Number of splices: AT/AC |	219
               Number of splices: Non-canonical |	189
                      Mismatch rate per base, % |	0.14%
                         Deletion rate per base |	0.00%
                        Deletion average length |	1.42
                        Insertion rate per base |	0.00%
                       Insertion average length |	1.17
                             MULTI-MAPPING READS:
        Number of reads mapped to multiple loci |	341043
             % of reads mapped to multiple loci |	15.05%
        Number of reads mapped to too many loci |	16869
             % of reads mapped to too many loci |	0.74%
                                  UNMAPPED READS:
  Number of reads unmapped: too many mismatches |	0
       % of reads unmapped: too many mismatches |	0.00%
            Number of reads unmapped: too short |	2563
                 % of reads unmapped: too short |	0.11%
                Number of reads unmapped: other |	9864
                     % of reads unmapped: other |	0.44%
                                  CHIMERIC READS:
                       Number of chimeric reads |	0
                            % of chimeric reads |	0.00%
