                                 Started job on |	Oct 29 02:24:24
                             Started mapping on |	Oct 29 02:25:10
                                    Finished on |	Oct 29 02:25:33
       Mapping speed, Million of reads per hour |	451.01

                          Number of input reads |	2881431
                      Average input read length |	39
                                    UNIQUE READS:
                   Uniquely mapped reads number |	2370715
                        Uniquely mapped reads % |	82.28%
                          Average mapped length |	39.52
                       Number of splices: Total |	256358
            Number of splices: Annotated (sjdb) |	254853
                       Number of splices: GT/AG |	253794
                       Number of splices: GC/AG |	2068
                       Number of splices: AT/AC |	254
               Number of splices: Non-canonical |	242
                      Mismatch rate per base, % |	0.16%
                         Deletion rate per base |	0.00%
                        Deletion average length |	1.41
                        Insertion rate per base |	0.00%
                       Insertion average length |	1.20
                             MULTI-MAPPING READS:
        Number of reads mapped to multiple loci |	474540
             % of reads mapped to multiple loci |	16.47%
        Number of reads mapped to too many loci |	21908
             % of reads mapped to too many loci |	0.76%
                                  UNMAPPED READS:
  Number of reads unmapped: too many mismatches |	0
       % of reads unmapped: too many mismatches |	0.00%
            Number of reads unmapped: too short |	3274
                 % of reads unmapped: too short |	0.11%
                Number of reads unmapped: other |	10994
                     % of reads unmapped: other |	0.38%
                                  CHIMERIC READS:
                       Number of chimeric reads |	0
                            % of chimeric reads |	0.00%
