                                 Started job on |	Oct 27 19:06:18
                             Started mapping on |	Oct 27 19:06:57
                                    Finished on |	Oct 27 19:07:12
       Mapping speed, Million of reads per hour |	442.84

                          Number of input reads |	1845149
                      Average input read length |	39
                                    UNIQUE READS:
                   Uniquely mapped reads number |	1448794
                        Uniquely mapped reads % |	78.52%
                          Average mapped length |	39.42
                       Number of splices: Total |	135282
            Number of splices: Annotated (sjdb) |	134552
                       Number of splices: GT/AG |	133974
                       Number of splices: GC/AG |	1000
                       Number of splices: AT/AC |	130
               Number of splices: Non-canonical |	178
                      Mismatch rate per base, % |	0.16%
                         Deletion rate per base |	0.00%
                        Deletion average length |	1.37
                        Insertion rate per base |	0.00%
                       Insertion average length |	1.17
                             MULTI-MAPPING READS:
        Number of reads mapped to multiple loci |	367700
             % of reads mapped to multiple loci |	19.93%
        Number of reads mapped to too many loci |	18496
             % of reads mapped to too many loci |	1.00%
                                  UNMAPPED READS:
  Number of reads unmapped: too many mismatches |	0
       % of reads unmapped: too many mismatches |	0.00%
            Number of reads unmapped: too short |	2621
                 % of reads unmapped: too short |	0.14%
                Number of reads unmapped: other |	7538
                     % of reads unmapped: other |	0.41%
                                  CHIMERIC READS:
                       Number of chimeric reads |	0
                            % of chimeric reads |	0.00%
