                                 Started job on |	Oct 29 02:29:45
                             Started mapping on |	Oct 29 02:31:12
                                    Finished on |	Oct 29 02:31:36
       Mapping speed, Million of reads per hour |	380.43

                          Number of input reads |	2536211
                      Average input read length |	39
                                    UNIQUE READS:
                   Uniquely mapped reads number |	1913241
                        Uniquely mapped reads % |	75.44%
                          Average mapped length |	39.40
                       Number of splices: Total |	187083
            Number of splices: Annotated (sjdb) |	186207
                       Number of splices: GT/AG |	185246
                       Number of splices: GC/AG |	1437
                       Number of splices: AT/AC |	204
               Number of splices: Non-canonical |	196
                      Mismatch rate per base, % |	0.17%
                         Deletion rate per base |	0.00%
                        Deletion average length |	1.33
                        Insertion rate per base |	0.00%
                       Insertion average length |	1.19
                             MULTI-MAPPING READS:
        Number of reads mapped to multiple loci |	585415
             % of reads mapped to multiple loci |	23.08%
        Number of reads mapped to too many loci |	27159
             % of reads mapped to too many loci |	1.07%
                                  UNMAPPED READS:
  Number of reads unmapped: too many mismatches |	0
       % of reads unmapped: too many mismatches |	0.00%
            Number of reads unmapped: too short |	2871
                 % of reads unmapped: too short |	0.11%
                Number of reads unmapped: other |	7525
                     % of reads unmapped: other |	0.30%
                                  CHIMERIC READS:
                       Number of chimeric reads |	0
                            % of chimeric reads |	0.00%
