                                 Started job on |	Oct 29 04:02:15
                             Started mapping on |	Oct 29 04:03:00
                                    Finished on |	Oct 29 04:03:17
       Mapping speed, Million of reads per hour |	384.07

                          Number of input reads |	1813683
                      Average input read length |	39
                                    UNIQUE READS:
                   Uniquely mapped reads number |	1511038
                        Uniquely mapped reads % |	83.31%
                          Average mapped length |	39.48
                       Number of splices: Total |	157756
            Number of splices: Annotated (sjdb) |	156793
                       Number of splices: GT/AG |	156218
                       Number of splices: GC/AG |	1196
                       Number of splices: AT/AC |	176
               Number of splices: Non-canonical |	166
                      Mismatch rate per base, % |	0.13%
                         Deletion rate per base |	0.00%
                        Deletion average length |	1.43
                        Insertion rate per base |	0.00%
                       Insertion average length |	1.16
                             MULTI-MAPPING READS:
        Number of reads mapped to multiple loci |	278843
             % of reads mapped to multiple loci |	15.37%
        Number of reads mapped to too many loci |	13844
             % of reads mapped to too many loci |	0.76%
                                  UNMAPPED READS:
  Number of reads unmapped: too many mismatches |	0
       % of reads unmapped: too many mismatches |	0.00%
            Number of reads unmapped: too short |	2357
                 % of reads unmapped: too short |	0.13%
                Number of reads unmapped: other |	7601
                     % of reads unmapped: other |	0.42%
                                  CHIMERIC READS:
                       Number of chimeric reads |	0
                            % of chimeric reads |	0.00%
