                                 Started job on |	Oct 29 03:18:37
                             Started mapping on |	Oct 29 03:19:19
                                    Finished on |	Oct 29 03:19:38
       Mapping speed, Million of reads per hour |	422.97

                          Number of input reads |	2232320
                      Average input read length |	39
                                    UNIQUE READS:
                   Uniquely mapped reads number |	1867209
                        Uniquely mapped reads % |	83.64%
                          Average mapped length |	39.44
                       Number of splices: Total |	190728
            Number of splices: Annotated (sjdb) |	189631
                       Number of splices: GT/AG |	188762
                       Number of splices: GC/AG |	1546
                       Number of splices: AT/AC |	199
               Number of splices: Non-canonical |	221
                      Mismatch rate per base, % |	0.14%
                         Deletion rate per base |	0.00%
                        Deletion average length |	1.40
                        Insertion rate per base |	0.00%
                       Insertion average length |	1.17
                             MULTI-MAPPING READS:
        Number of reads mapped to multiple loci |	336311
             % of reads mapped to multiple loci |	15.07%
        Number of reads mapped to too many loci |	16675
             % of reads mapped to too many loci |	0.75%
                                  UNMAPPED READS:
  Number of reads unmapped: too many mismatches |	0
       % of reads unmapped: too many mismatches |	0.00%
            Number of reads unmapped: too short |	2400
                 % of reads unmapped: too short |	0.11%
                Number of reads unmapped: other |	9725
                     % of reads unmapped: other |	0.44%
                                  CHIMERIC READS:
                       Number of chimeric reads |	0
                            % of chimeric reads |	0.00%
