                                 Started job on |	Oct 29 02:47:50
                             Started mapping on |	Oct 29 02:49:21
                                    Finished on |	Oct 29 02:49:38
       Mapping speed, Million of reads per hour |	497.49

                          Number of input reads |	2349252
                      Average input read length |	39
                                    UNIQUE READS:
                   Uniquely mapped reads number |	1888752
                        Uniquely mapped reads % |	80.40%
                          Average mapped length |	39.40
                       Number of splices: Total |	191764
            Number of splices: Annotated (sjdb) |	190763
                       Number of splices: GT/AG |	189861
                       Number of splices: GC/AG |	1505
                       Number of splices: AT/AC |	213
               Number of splices: Non-canonical |	185
                      Mismatch rate per base, % |	0.17%
                         Deletion rate per base |	0.00%
                        Deletion average length |	1.37
                        Insertion rate per base |	0.00%
                       Insertion average length |	1.20
                             MULTI-MAPPING READS:
        Number of reads mapped to multiple loci |	428700
             % of reads mapped to multiple loci |	18.25%
        Number of reads mapped to too many loci |	19828
             % of reads mapped to too many loci |	0.84%
                                  UNMAPPED READS:
  Number of reads unmapped: too many mismatches |	0
       % of reads unmapped: too many mismatches |	0.00%
            Number of reads unmapped: too short |	2669
                 % of reads unmapped: too short |	0.11%
                Number of reads unmapped: other |	9303
                     % of reads unmapped: other |	0.40%
                                  CHIMERIC READS:
                       Number of chimeric reads |	0
                            % of chimeric reads |	0.00%
