                                 Started job on |	Oct 27 18:10:05
                             Started mapping on |	Oct 27 18:10:46
                                    Finished on |	Oct 27 18:11:12
       Mapping speed, Million of reads per hour |	324.80

                          Number of input reads |	2345747
                      Average input read length |	39
                                    UNIQUE READS:
                   Uniquely mapped reads number |	1885376
                        Uniquely mapped reads % |	80.37%
                          Average mapped length |	39.41
                       Number of splices: Total |	190215
            Number of splices: Annotated (sjdb) |	189218
                       Number of splices: GT/AG |	188349
                       Number of splices: GC/AG |	1466
                       Number of splices: AT/AC |	186
               Number of splices: Non-canonical |	214
                      Mismatch rate per base, % |	0.20%
                         Deletion rate per base |	0.00%
                        Deletion average length |	1.41
                        Insertion rate per base |	0.00%
                       Insertion average length |	1.18
                             MULTI-MAPPING READS:
        Number of reads mapped to multiple loci |	427726
             % of reads mapped to multiple loci |	18.23%
        Number of reads mapped to too many loci |	19680
             % of reads mapped to too many loci |	0.84%
                                  UNMAPPED READS:
  Number of reads unmapped: too many mismatches |	0
       % of reads unmapped: too many mismatches |	0.00%
            Number of reads unmapped: too short |	3781
                 % of reads unmapped: too short |	0.16%
                Number of reads unmapped: other |	9184
                     % of reads unmapped: other |	0.39%
                                  CHIMERIC READS:
                       Number of chimeric reads |	0
                            % of chimeric reads |	0.00%
